SF:/Users/loongallday/pdeservice-spb/supabase/functions/_shared/auth.ts
FN:34,authenticate
FN:91,requireMinLevel
FN:103,requireLevelGreaterThanZero
FN:114,getEmployeeLevel
FN:121,isAdmin
FN:129,isSuperAdmin
FN:142,requireCanApproveAppointments
FN:160,canApproveAppointments
FNDA:0,authenticate
FNDA:184,requireMinLevel
FNDA:6,requireLevelGreaterThanZero
FNDA:12,getEmployeeLevel
FNDA:6,isAdmin
FNDA:17,isSuperAdmin
FNDA:0,requireCanApproveAppointments
FNDA:0,canApproveAppointments
FNF:8
FNH:5
BRDA:92,2,0,182
BRDA:92,2,1,4
BRDA:94,2,2,45
BRDA:104,3,0,5
BRDA:104,3,1,2
BRDA:106,3,2,3
BRDA:115,4,0,11
BRDA:115,4,1,2
BRDA:122,5,0,5
BRDA:122,5,1,2
BRDA:130,6,0,16
BRDA:130,6,1,2
BRF:12
BRH:12
DA:6,21
DA:7,21
DA:34,0
DA:35,0
DA:37,0
DA:38,0
DA:39,0
DA:41,0
DA:44,0
DA:47,0
DA:49,0
DA:50,0
DA:51,0
DA:54,0
DA:55,0
DA:56,0
DA:57,0
DA:58,0
DA:59,0
DA:62,0
DA:63,0
DA:64,0
DA:65,0
DA:66,0
DA:67,0
DA:68,0
DA:69,0
DA:71,0
DA:72,0
DA:73,0
DA:75,0
DA:76,0
DA:77,0
DA:78,0
DA:79,0
DA:91,21
DA:92,205
DA:94,205
DA:95,250
DA:96,250
DA:97,205
DA:103,21
DA:104,27
DA:106,27
DA:107,30
DA:108,30
DA:109,27
DA:114,21
DA:115,33
DA:116,33
DA:121,21
DA:122,27
DA:123,27
DA:124,27
DA:129,21
DA:130,38
DA:131,38
DA:132,38
DA:142,0
DA:143,0
DA:145,0
DA:146,0
DA:147,0
DA:148,0
DA:149,0
DA:151,0
DA:152,0
DA:153,0
DA:154,0
DA:160,0
DA:161,0
DA:163,0
DA:164,0
DA:165,0
DA:166,0
DA:167,0
DA:169,0
DA:170,0
LH:25
LF:78
end_of_record
SF:/Users/loongallday/pdeservice-spb/supabase/functions/_shared/constants.ts
FNF:0
FNH:0
BRF:0
BRH:0
DA:6,9
DA:7,9
DA:10,9
DA:11,9
DA:12,9
DA:13,9
DA:14,9
DA:15,9
DA:18,9
DA:19,9
DA:20,9
DA:21,9
DA:22,9
DA:23,9
DA:24,9
DA:25,9
DA:26,9
DA:27,9
DA:28,9
DA:31,9
DA:32,9
DA:33,9
DA:34,9
DA:35,9
DA:36,9
DA:37,9
DA:38,9
LH:27
LF:27
end_of_record
SF:/Users/loongallday/pdeservice-spb/supabase/functions/_shared/cors.ts
FN:16,handleCORS
FNDA:8,handleCORS
FNF:1
FNH:1
BRDA:17,1,0,3
BRDA:19,1,1,5
BRF:2
BRH:2
DA:6,27
DA:7,27
DA:8,27
DA:9,27
DA:10,27
DA:16,27
DA:17,35
DA:18,114
DA:19,38
DA:20,40
DA:21,35
LH:11
LF:11
end_of_record
SF:/Users/loongallday/pdeservice-spb/supabase/functions/_shared/error.ts
FN:5,<instance_members_initializer>
FN:6,APIError
FN:17,AuthenticationError
FN:23,AuthorizationError
FN:29,NotFoundError
FN:35,ValidationError
FN:41,DatabaseError
FN:46,<instance_members_initializer>
FN:47,IdempotencyError
FN:58,handleError
FNDA:173,<instance_members_initializer>
FNDA:173,APIError
FNDA:4,AuthenticationError
FNDA:55,AuthorizationError
FNDA:4,NotFoundError
FNDA:98,ValidationError
FNDA:3,DatabaseError
FNDA:4,<instance_members_initializer>
FNDA:4,IdempotencyError
FNDA:11,handleError
FNF:10
FNH:10
BRDA:59,10,0,4
BRDA:65,10,1,7
BRDA:67,10,2,4
BRDA:69,10,3,1
BRDA:74,10,4,3
BRDA:76,10,5,1
BRDA:81,10,6,2
BRDA:83,10,7,1
BRDA:84,10,8,1
BRDA:85,10,9,1
BRDA:86,10,10,1
BRDA:87,10,11,1
BRDA:97,10,12,0
BRDA:103,10,13,1
BRDA:109,10,14,3
BRF:15
BRH:14
DA:5,28
DA:6,28
DA:7,28
DA:8,229
DA:9,229
DA:10,28
DA:11,201
DA:12,201
DA:13,201
DA:14,28
DA:16,28
DA:17,28
DA:18,32
DA:19,32
DA:20,28
DA:22,28
DA:23,28
DA:24,83
DA:25,83
DA:26,28
DA:28,28
DA:29,28
DA:30,32
DA:31,32
DA:32,28
DA:34,28
DA:35,28
DA:36,126
DA:37,126
DA:38,28
DA:40,28
DA:41,28
DA:42,31
DA:43,31
DA:44,28
DA:46,28
DA:47,28
DA:48,28
DA:49,60
DA:50,28
DA:51,32
DA:52,32
DA:53,28
DA:58,28
DA:59,39
DA:60,43
DA:61,43
DA:62,43
DA:63,43
DA:64,43
DA:65,43
DA:67,39
DA:69,43
DA:70,44
DA:71,44
DA:72,44
DA:73,44
DA:74,44
DA:76,43
DA:77,44
DA:78,44
DA:79,44
DA:80,44
DA:81,44
DA:83,43
DA:84,43
DA:85,43
DA:86,43
DA:87,43
DA:88,44
DA:89,44
DA:90,44
DA:91,44
DA:92,44
DA:93,44
DA:96,0
DA:97,0
DA:98,0
DA:99,0
DA:100,0
DA:101,0
DA:102,0
DA:103,0
DA:105,44
DA:106,44
DA:107,44
DA:108,44
DA:109,44
DA:111,42
DA:112,42
DA:113,42
DA:114,42
DA:115,39
LH:85
LF:93
end_of_record
SF:/Users/loongallday/pdeservice-spb/supabase/functions/_shared/idempotency.ts
FN:20,checkIdempotencyKey
FN:130,saveIdempotencyResponse
FN:157,saveIdempotencyError
FN:185,getIdempotencyKey
FNDA:0,checkIdempotencyKey
FNDA:0,saveIdempotencyResponse
FNDA:0,saveIdempotencyError
FNDA:1,getIdempotencyKey
FNF:4
FNH:1
BRF:0
BRH:0
DA:5,1
DA:6,1
DA:20,0
DA:21,0
DA:22,0
DA:23,0
DA:24,0
DA:26,0
DA:29,0
DA:30,0
DA:31,0
DA:32,0
DA:33,0
DA:34,0
DA:36,0
DA:38,0
DA:39,0
DA:40,0
DA:41,0
DA:42,0
DA:43,0
DA:44,0
DA:45,0
DA:47,0
DA:49,0
DA:50,0
DA:51,0
DA:54,0
DA:57,0
DA:58,0
DA:59,0
DA:60,0
DA:61,0
DA:64,0
DA:67,0
DA:69,0
DA:70,0
DA:71,0
DA:72,0
DA:74,0
DA:75,0
DA:78,0
DA:79,0
DA:80,0
DA:81,0
DA:82,0
DA:83,0
DA:84,0
DA:87,0
DA:88,0
DA:89,0
DA:90,0
DA:91,0
DA:92,0
DA:93,0
DA:97,0
DA:101,0
DA:104,0
DA:105,0
DA:106,0
DA:107,0
DA:108,0
DA:109,0
DA:110,0
DA:111,0
DA:112,0
DA:113,0
DA:115,0
DA:117,0
DA:119,0
DA:120,0
DA:121,0
DA:122,0
DA:124,0
DA:125,0
DA:130,0
DA:131,0
DA:132,0
DA:133,0
DA:134,0
DA:136,0
DA:138,0
DA:139,0
DA:140,0
DA:141,0
DA:142,0
DA:143,0
DA:144,0
DA:145,0
DA:146,0
DA:148,0
DA:149,0
DA:151,0
DA:152,0
DA:157,0
DA:158,0
DA:159,0
DA:160,0
DA:161,0
DA:163,0
DA:165,0
DA:166,0
DA:167,0
DA:168,0
DA:169,0
DA:170,0
DA:171,0
DA:172,0
DA:173,0
DA:175,0
DA:176,0
DA:178,0
DA:179,0
DA:185,1
DA:186,2
DA:187,2
LH:5
LF:116
end_of_record
SF:/Users/loongallday/pdeservice-spb/supabase/functions/_shared/response.ts
FN:26,success
FN:42,successWithPagination
FN:62,error
FN:82,calculatePagination
FNDA:100,success
FNDA:15,successWithPagination
FNDA:9,error
FNDA:8,calculatePagination
FNF:4
FNH:4
BRDA:64,3,0,4
BRF:1
BRH:1
DA:5,26
DA:26,26
DA:27,126
DA:28,378
DA:29,126
DA:30,126
DA:31,126
DA:32,126
DA:33,126
DA:34,126
DA:35,126
DA:37,126
DA:42,26
DA:43,26
DA:44,26
DA:45,26
DA:47,41
DA:48,164
DA:49,41
DA:50,41
DA:51,41
DA:52,41
DA:53,41
DA:54,41
DA:55,41
DA:57,41
DA:62,26
DA:63,105
DA:64,35
DA:65,39
DA:66,39
DA:67,35
DA:68,35
DA:69,35
DA:70,35
DA:71,35
DA:72,35
DA:73,35
DA:74,35
DA:75,35
DA:77,35
DA:82,26
DA:83,26
DA:84,26
DA:85,26
DA:87,34
DA:89,34
DA:90,34
DA:91,34
DA:92,34
DA:93,34
DA:94,34
DA:95,34
DA:96,34
DA:97,34
LH:55
LF:55
end_of_record
SF:/Users/loongallday/pdeservice-spb/supabase/functions/_shared/sanitize.ts
FN:12,sanitizeData
FN:33,getValidFields
FNDA:11,sanitizeData
FNDA:6,getValidFields
FNF:2
FNH:2
BRDA:18,1,0,23
BRDA:19,1,1,19
BRF:2
BRH:2
DA:12,6
DA:13,6
DA:14,6
DA:16,17
DA:18,17
DA:19,40
DA:20,59
DA:21,59
DA:22,40
DA:24,17
DA:25,17
DA:33,6
DA:34,6
DA:35,54
DA:37,12
DA:38,12
LH:16
LF:16
end_of_record
SF:/Users/loongallday/pdeservice-spb/supabase/functions/_shared/summaryUtils.ts
FN:118,generateSummary
FN:224,generateSummaryIfNeeded
FN:241,buildFullTicketText
FN:408,generateTicketSummary
FN:502,buildFallbackSummary
FNDA:7,generateSummary
FNDA:4,generateSummaryIfNeeded
FNDA:8,buildFullTicketText
FNDA:8,generateTicketSummary
FNDA:0,buildFallbackSummary
FNF:5
FNH:4
BRDA:125,1,0,6
BRDA:125,1,1,2
BRDA:127,1,2,5
BRDA:129,1,3,3
BRDA:131,1,4,2
BRDA:134,1,5,0
BRDA:140,1,6,2
BRDA:151,1,7,0
BRDA:181,1,8,2
BRDA:183,1,9,0
BRDA:189,1,10,2
BRDA:194,1,11,0
BRDA:199,1,12,2
BRDA:204,1,13,0
BRDA:207,1,14,0
BRDA:208,1,15,0
BRDA:211,1,16,0
BRDA:229,2,0,3
BRDA:229,2,1,3
BRDA:231,2,2,1
BRDA:245,3,0,7
BRDA:246,3,1,0
BRDA:251,3,2,0
BRDA:259,3,3,2
BRDA:261,3,4,0
BRDA:268,3,5,1
BRDA:271,3,6,0
BRDA:275,3,7,0
BRDA:276,3,8,0
BRDA:277,3,9,0
BRDA:278,3,10,0
BRDA:280,3,11,0
BRDA:283,3,12,0
BRDA:291,3,13,2
BRDA:295,3,14,0
BRDA:301,3,15,0
BRDA:301,3,16,0
BRDA:304,3,17,0
BRDA:307,3,18,0
BRDA:317,3,19,2
BRDA:324,3,20,0
BRDA:329,3,21,0
BRDA:332,3,22,0
BRDA:342,3,23,0
BRDA:345,3,24,0
BRDA:345,3,25,0
BRDA:353,3,26,0
BRDA:353,3,27,0
BRDA:358,3,28,2
BRDA:358,3,29,2
BRDA:371,3,30,3
BRDA:376,3,31,0
BRDA:381,3,32,5
BRDA:386,3,33,0
BRDA:392,3,34,0
BRDA:393,3,35,0
BRDA:394,3,36,0
BRDA:363,5,0,0
BRDA:365,5,1,0
BRDA:422,6,0,2
BRDA:424,6,1,0
BRDA:425,6,2,1
BRDA:426,6,3,6
BRDA:429,6,4,0
BRDA:432,6,5,6
BRDA:473,6,6,0
BRDA:477,6,7,6
BRDA:482,6,8,0
BRDA:485,6,9,6
BRDA:493,6,10,0
BRF:70
BRH:27
DA:6,3
DA:7,3
DA:118,3
DA:119,3
DA:120,3
DA:122,10
DA:125,10
DA:126,48
DA:127,12
DA:129,10
DA:130,52
DA:131,13
DA:134,0
DA:135,0
DA:136,0
DA:137,0
DA:138,0
DA:139,0
DA:140,0
DA:142,12
DA:144,12
DA:145,12
DA:146,12
DA:147,12
DA:148,12
DA:149,12
DA:151,0
DA:163,10
DA:165,10
DA:166,10
DA:167,10
DA:168,10
DA:169,10
DA:170,10
DA:171,10
DA:172,10
DA:173,10
DA:174,10
DA:175,10
DA:176,40
DA:177,40
DA:178,10
DA:179,30
DA:180,10
DA:181,10
DA:183,0
DA:184,0
DA:185,0
DA:186,0
DA:187,0
DA:188,0
DA:189,0
DA:191,12
DA:192,10
DA:194,0
DA:195,0
DA:196,0
DA:197,0
DA:198,0
DA:199,0
DA:202,12
DA:204,0
DA:206,10
DA:207,0
DA:208,0
DA:209,10
DA:211,0
DA:212,0
DA:213,0
DA:214,0
DA:215,0
DA:216,0
DA:217,0
DA:218,10
DA:224,3
DA:225,3
DA:226,3
DA:227,3
DA:229,7
DA:230,10
DA:231,10
DA:233,8
DA:234,8
DA:235,7
DA:241,3
DA:242,11
DA:245,11
DA:246,0
DA:247,0
DA:248,0
DA:249,18
DA:250,18
DA:251,0
DA:252,0
DA:253,0
DA:254,0
DA:255,0
DA:256,0
DA:259,11
DA:260,13
DA:261,0
DA:262,0
DA:263,0
DA:264,13
DA:265,13
DA:268,11
DA:269,12
DA:270,12
DA:271,0
DA:274,12
DA:275,0
DA:276,0
DA:277,0
DA:278,0
DA:280,0
DA:281,0
DA:282,0
DA:283,0
DA:285,12
DA:286,12
DA:287,12
DA:288,12
DA:291,11
DA:292,13
DA:293,13
DA:294,13
DA:295,0
DA:296,13
DA:297,13
DA:298,13
DA:299,13
DA:300,13
DA:301,0
DA:302,0
DA:303,0
DA:304,0
DA:305,0
DA:306,0
DA:307,0
DA:308,0
DA:309,0
DA:311,13
DA:312,13
DA:313,13
DA:314,13
DA:317,11
DA:318,13
DA:319,13
DA:320,13
DA:321,13
DA:322,13
DA:323,13
DA:324,0
DA:325,0
DA:326,0
DA:327,13
DA:328,13
DA:329,0
DA:330,0
DA:331,0
DA:332,0
DA:333,0
DA:334,0
DA:336,13
DA:337,13
DA:338,13
DA:339,13
DA:342,0
DA:343,0
DA:344,0
DA:345,0
DA:346,0
DA:347,0
DA:348,0
DA:349,0
DA:350,0
DA:351,0
DA:352,0
DA:353,0
DA:354,0
DA:355,0
DA:358,11
DA:359,13
DA:360,15
DA:361,15
DA:362,15
DA:363,0
DA:364,15
DA:365,0
DA:366,13
DA:367,13
DA:368,13
DA:371,11
DA:372,14
DA:373,14
DA:376,0
DA:377,0
DA:378,0
DA:381,11
DA:382,16
DA:383,16
DA:386,0
DA:387,0
DA:388,0
DA:391,11
DA:392,0
DA:393,0
DA:394,0
DA:395,0
DA:396,0
DA:398,11
DA:399,11
DA:408,3
DA:409,3
DA:410,3
DA:413,11
DA:415,11
DA:416,11
DA:417,35
DA:418,35
DA:419,11
DA:422,11
DA:423,13
DA:424,39
DA:425,13
DA:426,13
DA:429,0
DA:430,0
DA:431,0
DA:432,0
DA:434,17
DA:435,17
DA:454,17
DA:456,17
DA:457,17
DA:458,17
DA:459,17
DA:460,17
DA:461,17
DA:462,17
DA:463,17
DA:464,17
DA:465,17
DA:466,17
DA:467,68
DA:468,68
DA:470,17
DA:471,17
DA:473,0
DA:474,0
DA:475,0
DA:476,0
DA:477,0
DA:479,17
DA:480,11
DA:482,0
DA:483,0
DA:484,0
DA:485,0
DA:488,17
DA:490,17
DA:491,17
DA:493,0
DA:494,0
DA:495,0
DA:496,0
DA:497,11
DA:502,0
DA:503,0
DA:506,0
DA:509,0
DA:512,0
DA:513,0
DA:514,0
DA:515,0
DA:516,0
DA:517,0
DA:518,0
DA:521,0
DA:524,0
DA:525,0
DA:526,0
DA:527,0
DA:528,0
DA:531,0
DA:532,0
DA:533,0
DA:534,0
DA:535,0
DA:536,0
DA:537,0
DA:539,0
DA:540,0
LH:152
LF:293
end_of_record
SF:/Users/loongallday/pdeservice-spb/supabase/functions/_shared/supabase.ts
FN:13,createServiceClient
FN:33,createUserClient
FNDA:0,createServiceClient
FNDA:0,createUserClient
FNF:2
FNH:0
BRF:0
BRH:0
DA:5,26
DA:13,0
DA:14,0
DA:15,0
DA:17,0
DA:18,0
DA:19,0
DA:21,0
DA:22,0
DA:23,0
DA:24,0
DA:25,0
DA:26,0
DA:27,0
DA:33,0
DA:34,0
DA:35,0
DA:37,0
DA:38,0
DA:39,0
DA:41,0
DA:42,0
DA:43,0
DA:44,0
DA:45,0
DA:46,0
DA:47,0
DA:48,0
DA:49,0
DA:50,0
DA:51,0
DA:52,0
LH:1
LF:32
end_of_record
SF:/Users/loongallday/pdeservice-spb/supabase/functions/_shared/validation.ts
FN:10,validateUUID
FN:21,validateRequired
FN:30,validateEmail
FN:41,validateNumberRange
FN:55,validateStringLength
FN:71,parsePaginationParams
FN:81,sanitizePrototypePollution
FN:104,parseRequestBody
FNDA:58,validateUUID
FNDA:50,validateRequired
FNDA:7,validateEmail
FNDA:7,validateNumberRange
FNDA:7,validateStringLength
FNDA:21,parsePaginationParams
FNDA:120,sanitizePrototypePollution
FNDA:41,parseRequestBody
FNF:8
FNH:8
BRDA:13,1,0,29
BRDA:22,2,0,49
BRDA:22,2,1,37
BRDA:22,2,2,14
BRDA:33,3,0,4
BRDA:47,4,0,6
BRDA:47,4,1,3
BRDA:61,5,0,5
BRDA:61,5,1,3
BRDA:72,6,0,12
BRDA:73,6,1,12
BRDA:82,7,0,110
BRDA:82,7,1,78
BRDA:84,7,2,42
BRDA:86,7,3,2
BRDA:88,7,4,110
BRDA:88,7,5,40
BRDA:91,7,6,77
BRDA:93,7,7,0
BRDA:97,7,8,40
BRDA:106,8,0,39
BRDA:110,8,1,2
BRF:22
BRH:21
DA:5,19
DA:10,19
DA:11,77
DA:13,77
DA:14,106
DA:15,106
DA:16,77
DA:21,19
DA:22,69
DA:23,83
DA:24,83
DA:25,69
DA:30,19
DA:31,26
DA:33,26
DA:34,30
DA:35,30
DA:36,26
DA:41,19
DA:42,19
DA:43,19
DA:44,19
DA:45,19
DA:47,26
DA:48,29
DA:49,29
DA:50,26
DA:55,19
DA:56,19
DA:57,19
DA:58,19
DA:59,19
DA:61,26
DA:62,29
DA:63,29
DA:65,29
DA:66,26
DA:71,19
DA:72,40
DA:73,40
DA:75,160
DA:76,40
DA:81,19
DA:82,139
DA:83,327
DA:84,327
DA:86,139
DA:87,141
DA:88,141
DA:90,289
DA:91,249
DA:93,0
DA:94,0
DA:95,0
DA:96,326
DA:97,326
DA:98,179
DA:99,139
DA:104,19
DA:105,60
DA:106,60
DA:108,99
DA:109,99
DA:110,99
DA:111,101
DA:112,101
DA:113,60
LH:64
LF:67
end_of_record
SF:/Users/loongallday/pdeservice-spb/supabase/functions/api-analytics/handlers/technicianDetail.ts
FN:18,getTechnicianDetail
FNDA:6,getTechnicianDetail
FNF:1
FNH:1
BRDA:27,1,0,5
BRDA:27,1,1,1
BRDA:29,1,2,5
BRDA:33,1,3,1
BRDA:35,1,4,4
BRDA:39,1,5,3
BRDA:39,1,6,1
BRDA:41,1,7,3
BRDA:44,1,8,1
BRDA:46,1,9,2
BRDA:52,1,10,1
BRDA:62,1,11,0
BRDA:64,1,12,1
BRF:13
BRH:12
DA:7,1
DA:8,1
DA:9,1
DA:18,1
DA:19,1
DA:20,1
DA:21,1
DA:23,7
DA:24,7
DA:25,7
DA:27,7
DA:28,8
DA:29,8
DA:32,12
DA:33,7
DA:34,8
DA:35,8
DA:38,11
DA:39,7
DA:40,8
DA:41,8
DA:44,7
DA:45,8
DA:46,8
DA:49,9
DA:50,9
DA:51,9
DA:52,7
DA:53,8
DA:54,8
DA:56,8
DA:57,8
DA:58,8
DA:59,8
DA:62,0
DA:63,0
DA:64,0
DA:66,8
DA:67,8
DA:68,8
DA:69,8
DA:70,7
LH:39
LF:42
end_of_record
SF:/Users/loongallday/pdeservice-spb/supabase/functions/api-analytics/handlers/trends.ts
FN:19,getTrends
FNDA:8,getTrends
FNF:1
FNH:1
BRDA:26,1,0,3
BRDA:28,1,1,7
BRDA:28,1,2,1
BRDA:30,1,3,7
BRDA:34,1,4,6
BRDA:34,1,5,1
BRDA:36,1,6,6
BRDA:39,1,7,1
BRDA:41,1,8,5
BRDA:44,1,9,3
BRDA:44,1,10,1
BRDA:46,1,11,4
BRDA:53,1,12,2
BRDA:53,1,13,1
BRDA:55,1,14,3
BRDA:57,1,15,2
BRDA:57,1,16,1
BRDA:59,1,17,2
BRF:18
BRH:18
DA:7,1
DA:8,1
DA:9,1
DA:19,1
DA:20,1
DA:21,1
DA:23,9
DA:24,9
DA:25,9
DA:26,9
DA:28,9
DA:29,10
DA:30,10
DA:33,16
DA:34,9
DA:35,10
DA:36,10
DA:39,9
DA:40,10
DA:41,10
DA:44,9
DA:45,10
DA:46,10
DA:49,13
DA:50,13
DA:51,13
DA:53,9
DA:54,10
DA:55,10
DA:57,9
DA:58,10
DA:59,10
DA:61,11
DA:62,11
DA:63,11
DA:64,11
DA:67,11
DA:68,11
DA:69,11
DA:70,11
DA:71,9
LH:41
LF:41
end_of_record
SF:/Users/loongallday/pdeservice-spb/supabase/functions/api-analytics/handlers/utilization.ts
FN:16,getUtilization
FN:45,getUtilizationSummary
FNDA:3,getUtilization
FNDA:5,getUtilizationSummary
FNF:2
FNH:2
BRDA:23,1,0,1
BRDA:25,1,1,2
BRDA:28,1,2,1
BRDA:53,2,0,4
BRDA:53,2,1,1
BRDA:55,2,2,4
BRDA:59,2,3,3
BRDA:59,2,4,1
BRDA:61,2,5,3
BRDA:64,2,6,1
BRDA:66,2,7,2
BRDA:72,2,8,1
BRF:12
BRH:12
DA:7,1
DA:8,1
DA:9,1
DA:16,1
DA:17,1
DA:18,1
DA:20,4
DA:21,4
DA:23,4
DA:24,5
DA:25,5
DA:28,4
DA:29,5
DA:30,5
DA:32,5
DA:34,5
DA:35,5
DA:36,5
DA:37,5
DA:38,4
DA:45,1
DA:46,1
DA:47,1
DA:49,6
DA:50,6
DA:51,6
DA:53,6
DA:54,7
DA:55,7
DA:58,10
DA:59,6
DA:60,7
DA:61,7
DA:64,6
DA:65,7
DA:66,7
DA:69,8
DA:70,8
DA:71,8
DA:72,6
DA:73,7
DA:74,7
DA:76,7
DA:78,7
DA:79,7
DA:80,7
DA:81,7
DA:82,6
LH:48
LF:48
end_of_record
SF:/Users/loongallday/pdeservice-spb/supabase/functions/api-analytics/handlers/workload.ts
FN:16,getWorkload
FN:45,getWorkloadDistribution
FNDA:3,getWorkload
FNDA:5,getWorkloadDistribution
FNF:2
FNH:2
BRDA:23,1,0,1
BRDA:25,1,1,2
BRDA:28,1,2,1
BRDA:53,2,0,4
BRDA:53,2,1,1
BRDA:55,2,2,4
BRDA:59,2,3,1
BRDA:61,2,4,3
BRDA:64,2,5,1
BRDA:66,2,6,2
BRDA:72,2,7,1
BRF:11
BRH:11
DA:7,1
DA:8,1
DA:9,1
DA:16,1
DA:17,1
DA:18,1
DA:20,4
DA:21,4
DA:23,4
DA:24,5
DA:25,5
DA:28,4
DA:29,5
DA:30,5
DA:32,5
DA:34,5
DA:35,5
DA:36,5
DA:37,5
DA:38,4
DA:45,1
DA:46,1
DA:47,1
DA:49,6
DA:50,6
DA:51,6
DA:53,6
DA:54,7
DA:55,7
DA:58,10
DA:59,6
DA:60,7
DA:61,7
DA:64,6
DA:65,7
DA:66,7
DA:69,8
DA:70,8
DA:71,8
DA:72,6
DA:73,7
DA:74,7
DA:76,7
DA:78,7
DA:79,7
DA:80,7
DA:81,7
DA:82,6
LH:48
LF:48
end_of_record
SF:/Users/loongallday/pdeservice-spb/supabase/functions/api-analytics/services/technicianUtilizationService.ts
FN:61,getAllTechnicians
FN:81,getUtilizationForDate
FN:226,getUtilizationSummary
FNDA:0,getAllTechnicians
FNDA:0,getUtilizationForDate
FNDA:0,getUtilizationSummary
FNF:3
FNH:0
BRF:0
BRH:0
DA:6,1
DA:7,1
DA:10,5
DA:57,1
DA:61,0
DA:62,0
DA:64,0
DA:65,0
DA:66,0
DA:67,0
DA:68,0
DA:70,0
DA:71,0
DA:72,0
DA:73,0
DA:75,0
DA:76,0
DA:81,0
DA:82,0
DA:85,0
DA:86,0
DA:89,0
DA:90,0
DA:91,0
DA:101,0
DA:102,0
DA:104,0
DA:105,0
DA:106,0
DA:107,0
DA:110,0
DA:111,0
DA:112,0
DA:113,0
DA:115,0
DA:116,0
DA:117,0
DA:118,0
DA:121,0
DA:122,0
DA:123,0
DA:125,0
DA:126,0
DA:127,0
DA:130,0
DA:131,0
DA:132,0
DA:133,0
DA:134,0
DA:135,0
DA:136,0
DA:137,0
DA:138,0
DA:139,0
DA:140,0
DA:141,0
DA:142,0
DA:143,0
DA:146,0
DA:147,0
DA:148,0
DA:149,0
DA:150,0
DA:151,0
DA:152,0
DA:153,0
DA:154,0
DA:155,0
DA:156,0
DA:157,0
DA:158,0
DA:159,0
DA:162,0
DA:163,0
DA:164,0
DA:165,0
DA:166,0
DA:168,0
DA:169,0
DA:170,0
DA:173,0
DA:174,0
DA:175,0
DA:177,0
DA:178,0
DA:179,0
DA:181,0
DA:182,0
DA:183,0
DA:186,0
DA:187,0
DA:188,0
DA:189,0
DA:190,0
DA:191,0
DA:192,0
DA:193,0
DA:194,0
DA:195,0
DA:196,0
DA:199,0
DA:200,0
DA:201,0
DA:202,0
DA:203,0
DA:204,0
DA:205,0
DA:206,0
DA:207,0
DA:209,0
DA:210,0
DA:211,0
DA:212,0
DA:213,0
DA:214,0
DA:215,0
DA:216,0
DA:217,0
DA:218,0
DA:219,0
DA:220,0
DA:221,0
DA:226,0
DA:227,0
DA:228,0
DA:242,0
DA:243,0
DA:244,0
DA:245,0
DA:248,0
DA:249,0
DA:250,0
DA:251,0
DA:252,0
DA:254,0
DA:255,0
DA:256,0
DA:257,0
DA:260,0
DA:261,0
DA:262,0
DA:263,0
DA:264,0
DA:266,0
DA:267,0
DA:268,0
DA:269,0
DA:272,0
DA:279,0
DA:280,0
DA:282,0
DA:283,0
DA:284,0
DA:285,0
DA:286,0
DA:287,0
DA:288,0
DA:289,0
DA:291,0
DA:292,0
DA:293,0
DA:294,0
DA:295,0
DA:296,0
DA:297,0
DA:299,0
DA:300,0
DA:302,0
DA:303,0
DA:304,0
DA:305,0
DA:306,0
DA:307,0
DA:308,0
DA:309,0
DA:311,0
DA:312,0
DA:313,0
DA:314,0
DA:317,0
DA:318,0
DA:319,0
DA:322,0
DA:323,0
DA:324,0
DA:325,0
DA:327,0
DA:328,0
DA:329,0
DA:330,0
DA:331,0
DA:333,0
DA:334,0
DA:335,0
DA:337,0
DA:338,0
DA:339,0
DA:341,0
DA:342,0
DA:343,0
DA:345,0
DA:346,0
DA:347,0
DA:348,0
DA:349,0
DA:350,0
DA:351,0
DA:352,0
DA:353,0
DA:354,0
DA:355,0
DA:356,0
DA:357,0
DA:360,0
DA:361,0
DA:364,0
DA:365,0
DA:366,0
DA:367,0
DA:370,0
DA:371,0
DA:372,0
DA:374,0
DA:375,0
DA:376,0
DA:378,0
DA:379,0
DA:380,0
DA:382,0
DA:383,0
DA:384,0
DA:385,0
DA:386,0
DA:387,0
DA:388,0
DA:389,0
DA:390,0
DA:391,0
DA:392,0
DA:393,0
DA:394,0
DA:395,0
DA:396,0
DA:397,0
DA:398,0
DA:399,0
DA:400,0
DA:401,1
LH:5
LF:248
end_of_record
SF:/Users/loongallday/pdeservice-spb/supabase/functions/api-analytics/services/trendAnalyticsService.ts
FN:75,getTrends
FN:298,getTechnicianDetail
FN:483,formatThaiDate
FNDA:0,getTrends
FNDA:0,getTechnicianDetail
FNDA:0,formatThaiDate
FNF:3
FNH:0
BRF:0
BRH:0
DA:6,1
DA:7,1
DA:8,1
DA:71,1
DA:75,0
DA:76,0
DA:77,0
DA:78,0
DA:79,0
DA:80,0
DA:81,0
DA:82,0
DA:85,0
DA:86,0
DA:87,0
DA:88,0
DA:89,0
DA:91,0
DA:92,0
DA:93,0
DA:94,0
DA:97,0
DA:98,0
DA:99,0
DA:100,0
DA:101,0
DA:103,0
DA:104,0
DA:105,0
DA:106,0
DA:109,0
DA:115,0
DA:116,0
DA:117,0
DA:118,0
DA:119,0
DA:120,0
DA:121,0
DA:122,0
DA:123,0
DA:124,0
DA:126,0
DA:127,0
DA:128,0
DA:129,0
DA:130,0
DA:131,0
DA:132,0
DA:133,0
DA:134,0
DA:135,0
DA:136,0
DA:137,0
DA:138,0
DA:140,0
DA:141,0
DA:142,0
DA:143,0
DA:144,0
DA:145,0
DA:146,0
DA:147,0
DA:148,0
DA:149,0
DA:150,0
DA:151,0
DA:152,0
DA:155,0
DA:156,0
DA:157,0
DA:159,0
DA:160,0
DA:161,0
DA:162,0
DA:163,0
DA:164,0
DA:165,0
DA:166,0
DA:167,0
DA:168,0
DA:169,0
DA:172,0
DA:173,0
DA:174,0
DA:175,0
DA:176,0
DA:177,0
DA:178,0
DA:180,0
DA:181,0
DA:182,0
DA:183,0
DA:184,0
DA:186,0
DA:187,0
DA:188,0
DA:190,0
DA:191,0
DA:192,0
DA:194,0
DA:195,0
DA:196,0
DA:199,0
DA:200,0
DA:201,0
DA:202,0
DA:203,0
DA:204,0
DA:205,0
DA:206,0
DA:208,0
DA:209,0
DA:210,0
DA:211,0
DA:212,0
DA:213,0
DA:214,0
DA:215,0
DA:216,0
DA:217,0
DA:220,0
DA:221,0
DA:222,0
DA:223,0
DA:225,0
DA:226,0
DA:227,0
DA:228,0
DA:229,0
DA:230,0
DA:231,0
DA:234,0
DA:237,0
DA:238,0
DA:240,0
DA:241,0
DA:242,0
DA:243,0
DA:244,0
DA:245,0
DA:247,0
DA:248,0
DA:249,0
DA:250,0
DA:251,0
DA:252,0
DA:253,0
DA:254,0
DA:255,0
DA:258,0
DA:259,0
DA:261,0
DA:262,0
DA:263,0
DA:265,0
DA:266,0
DA:267,0
DA:269,0
DA:270,0
DA:271,0
DA:272,0
DA:273,0
DA:274,0
DA:275,0
DA:276,0
DA:277,0
DA:278,0
DA:279,0
DA:280,0
DA:281,0
DA:282,0
DA:283,0
DA:284,0
DA:285,0
DA:286,0
DA:287,0
DA:288,0
DA:289,0
DA:290,0
DA:291,0
DA:292,0
DA:293,0
DA:298,0
DA:299,0
DA:300,0
DA:301,0
DA:302,0
DA:303,0
DA:306,0
DA:307,0
DA:308,0
DA:309,0
DA:310,0
DA:312,0
DA:313,0
DA:314,0
DA:317,0
DA:318,0
DA:319,0
DA:320,0
DA:321,0
DA:323,0
DA:324,0
DA:325,0
DA:326,0
DA:328,0
DA:330,0
DA:331,0
DA:332,0
DA:333,0
DA:334,0
DA:335,0
DA:336,0
DA:337,0
DA:338,0
DA:339,0
DA:340,0
DA:341,0
DA:342,0
DA:343,0
DA:344,0
DA:345,0
DA:346,0
DA:347,0
DA:348,0
DA:351,0
DA:358,0
DA:359,0
DA:361,0
DA:362,0
DA:363,0
DA:365,0
DA:366,0
DA:367,0
DA:368,0
DA:369,0
DA:370,0
DA:371,0
DA:372,0
DA:373,0
DA:374,0
DA:375,0
DA:377,0
DA:378,0
DA:380,0
DA:381,0
DA:382,0
DA:383,0
DA:384,0
DA:385,0
DA:387,0
DA:388,0
DA:389,0
DA:390,0
DA:391,0
DA:392,0
DA:393,0
DA:394,0
DA:397,0
DA:398,0
DA:399,0
DA:401,0
DA:402,0
DA:403,0
DA:404,0
DA:405,0
DA:406,0
DA:407,0
DA:408,0
DA:409,0
DA:410,0
DA:411,0
DA:413,0
DA:416,0
DA:417,0
DA:418,0
DA:419,0
DA:420,0
DA:421,0
DA:424,0
DA:425,0
DA:426,0
DA:427,0
DA:428,0
DA:429,0
DA:431,0
DA:432,0
DA:433,0
DA:434,0
DA:435,0
DA:436,0
DA:437,0
DA:438,0
DA:439,0
DA:441,0
DA:442,0
DA:443,0
DA:444,0
DA:445,0
DA:446,0
DA:449,0
DA:450,0
DA:451,0
DA:454,0
DA:455,0
DA:456,0
DA:458,0
DA:460,0
DA:461,0
DA:462,0
DA:463,0
DA:464,0
DA:465,0
DA:466,0
DA:467,0
DA:468,0
DA:469,0
DA:470,0
DA:471,0
DA:472,0
DA:473,0
DA:474,0
DA:475,0
DA:476,0
DA:477,0
DA:478,0
DA:483,0
DA:484,0
DA:487,0
DA:488,0
DA:489,0
DA:490,0
DA:491,0
DA:492,0
DA:493,1
LH:5
LF:335
end_of_record
SF:/Users/loongallday/pdeservice-spb/supabase/functions/api-analytics/services/workloadAnalyticsService.ts
FN:88,getWorkloadForDate
FN:371,getWorkloadDistribution
FN:466,buildDistributionResult
FN:544,calculateDistribution
FN:592,calculateBalanceScore
FN:612,getWorkloadStatus
FNDA:0,getWorkloadForDate
FNDA:0,getWorkloadDistribution
FNDA:0,buildDistributionResult
FNDA:0,calculateDistribution
FNDA:0,calculateBalanceScore
FNDA:0,getWorkloadStatus
FNF:6
FNH:0
BRF:0
BRH:0
DA:6,1
DA:7,1
DA:83,1
DA:88,0
DA:89,0
DA:92,0
DA:93,0
DA:94,0
DA:95,0
DA:97,0
DA:98,0
DA:99,0
DA:100,0
DA:102,0
DA:104,0
DA:106,0
DA:107,0
DA:108,0
DA:109,0
DA:110,0
DA:111,0
DA:112,0
DA:113,0
DA:114,0
DA:115,0
DA:116,0
DA:117,0
DA:118,0
DA:119,0
DA:120,0
DA:121,0
DA:124,0
DA:125,0
DA:126,0
DA:131,0
DA:132,0
DA:134,0
DA:135,0
DA:136,0
DA:137,0
DA:139,0
DA:141,0
DA:142,0
DA:143,0
DA:144,0
DA:145,0
DA:146,0
DA:147,0
DA:148,0
DA:149,0
DA:150,0
DA:151,0
DA:152,0
DA:153,0
DA:154,0
DA:155,0
DA:156,0
DA:157,0
DA:160,0
DA:161,0
DA:162,0
DA:167,0
DA:168,0
DA:170,0
DA:171,0
DA:172,0
DA:173,0
DA:176,0
DA:179,0
DA:180,0
DA:181,0
DA:182,0
DA:184,0
DA:185,0
DA:186,0
DA:187,0
DA:188,0
DA:189,0
DA:191,0
DA:192,0
DA:193,0
DA:194,0
DA:195,0
DA:196,0
DA:199,0
DA:202,0
DA:212,0
DA:220,0
DA:226,0
DA:227,0
DA:229,0
DA:230,0
DA:231,0
DA:234,0
DA:235,0
DA:236,0
DA:237,0
DA:238,0
DA:239,0
DA:240,0
DA:241,0
DA:242,0
DA:243,0
DA:245,0
DA:246,0
DA:247,0
DA:248,0
DA:249,0
DA:252,0
DA:253,0
DA:254,0
DA:255,0
DA:257,0
DA:258,0
DA:259,0
DA:260,0
DA:261,0
DA:262,0
DA:263,0
DA:264,0
DA:265,0
DA:266,0
DA:267,0
DA:268,0
DA:271,0
DA:272,0
DA:273,0
DA:274,0
DA:276,0
DA:277,0
DA:278,0
DA:279,0
DA:281,0
DA:282,0
DA:283,0
DA:284,0
DA:285,0
DA:286,0
DA:287,0
DA:288,0
DA:289,0
DA:290,0
DA:291,0
DA:292,0
DA:295,0
DA:297,0
DA:298,0
DA:301,0
DA:302,0
DA:303,0
DA:304,0
DA:306,0
DA:307,0
DA:308,0
DA:309,0
DA:310,0
DA:311,0
DA:312,0
DA:313,0
DA:314,0
DA:315,0
DA:316,0
DA:317,0
DA:318,0
DA:319,0
DA:320,0
DA:323,0
DA:326,0
DA:327,0
DA:328,0
DA:329,0
DA:330,0
DA:331,0
DA:332,0
DA:333,0
DA:334,0
DA:335,0
DA:336,0
DA:337,0
DA:338,0
DA:339,0
DA:342,0
DA:343,0
DA:344,0
DA:345,0
DA:346,0
DA:347,0
DA:348,0
DA:349,0
DA:350,0
DA:351,0
DA:352,0
DA:353,0
DA:354,0
DA:355,0
DA:357,0
DA:358,0
DA:359,0
DA:360,0
DA:361,0
DA:362,0
DA:363,0
DA:364,0
DA:365,0
DA:371,0
DA:372,0
DA:373,0
DA:374,0
DA:375,0
DA:378,0
DA:379,0
DA:380,0
DA:381,0
DA:383,0
DA:385,0
DA:388,0
DA:389,0
DA:390,0
DA:397,0
DA:398,0
DA:399,0
DA:401,0
DA:402,0
DA:404,0
DA:405,0
DA:406,0
DA:408,0
DA:409,0
DA:410,0
DA:411,0
DA:412,0
DA:413,0
DA:414,0
DA:415,0
DA:416,0
DA:417,0
DA:418,0
DA:419,0
DA:420,0
DA:421,0
DA:422,0
DA:425,0
DA:427,0
DA:428,0
DA:429,0
DA:430,0
DA:432,0
DA:433,0
DA:434,0
DA:435,0
DA:436,0
DA:437,0
DA:438,0
DA:439,0
DA:441,0
DA:442,0
DA:445,0
DA:447,0
DA:448,0
DA:449,0
DA:451,0
DA:452,0
DA:453,0
DA:454,0
DA:455,0
DA:456,0
DA:457,0
DA:458,0
DA:460,0
DA:461,0
DA:466,0
DA:467,0
DA:468,0
DA:469,0
DA:470,0
DA:473,0
DA:474,0
DA:475,0
DA:476,0
DA:477,0
DA:479,0
DA:480,0
DA:481,0
DA:482,0
DA:483,0
DA:484,0
DA:486,0
DA:487,0
DA:489,0
DA:490,0
DA:491,0
DA:492,0
DA:493,0
DA:494,0
DA:495,0
DA:497,0
DA:498,0
DA:500,0
DA:501,0
DA:502,0
DA:503,0
DA:504,0
DA:505,0
DA:506,0
DA:509,0
DA:512,0
DA:513,0
DA:514,0
DA:515,0
DA:517,0
DA:518,0
DA:519,0
DA:520,0
DA:521,0
DA:522,0
DA:523,0
DA:524,0
DA:525,0
DA:526,0
DA:527,0
DA:528,0
DA:529,0
DA:530,0
DA:531,0
DA:532,0
DA:533,0
DA:534,0
DA:535,0
DA:536,0
DA:537,0
DA:538,0
DA:539,0
DA:544,0
DA:545,0
DA:546,0
DA:547,0
DA:548,0
DA:549,0
DA:550,0
DA:551,0
DA:552,0
DA:553,0
DA:554,0
DA:556,0
DA:557,0
DA:559,0
DA:560,0
DA:561,0
DA:562,0
DA:563,0
DA:564,0
DA:567,0
DA:568,0
DA:571,0
DA:572,0
DA:573,0
DA:575,0
DA:576,0
DA:577,0
DA:578,0
DA:579,0
DA:580,0
DA:581,0
DA:582,0
DA:583,0
DA:584,0
DA:585,0
DA:586,0
DA:587,0
DA:592,0
DA:593,0
DA:595,0
DA:596,0
DA:599,0
DA:600,0
DA:601,0
DA:605,0
DA:606,0
DA:607,0
DA:612,0
DA:613,0
DA:614,0
DA:615,0
DA:616,0
DA:618,0
DA:619,0
DA:620,0
DA:621,0
DA:622,0
DA:623,1
LH:4
LF:390
end_of_record
SF:/Users/loongallday/pdeservice-spb/supabase/functions/api-announcements/handlers/create.ts
FN:17,create
FNDA:2,create
FNF:1
FNH:1
BRDA:19,1,0,1
BRDA:24,1,1,0
BRDA:26,1,2,1
BRDA:28,1,3,0
BRDA:30,1,4,1
BRF:5
BRH:3
DA:5,1
DA:6,1
DA:7,1
DA:8,1
DA:17,1
DA:19,3
DA:21,4
DA:24,0
DA:25,0
DA:26,0
DA:28,0
DA:29,0
DA:30,0
DA:32,4
DA:33,4
DA:34,4
DA:35,4
DA:36,4
DA:38,4
DA:39,3
LH:14
LF:20
end_of_record
SF:/Users/loongallday/pdeservice-spb/supabase/functions/api-announcements/handlers/delete.ts
FN:10,deleteAnnouncement
FNDA:2,deleteAnnouncement
FNF:1
FNH:1
BRDA:12,1,0,1
BRF:1
BRH:1
DA:5,1
DA:6,1
DA:7,1
DA:10,1
DA:12,3
DA:14,4
DA:16,12
DA:17,3
LH:8
LF:8
end_of_record
SF:/Users/loongallday/pdeservice-spb/supabase/functions/api-announcements/handlers/getById.ts
FN:10,getById
FNDA:1,getById
FNF:1
FNH:1
BRF:0
BRH:0
DA:5,1
DA:6,1
DA:7,1
DA:10,1
DA:11,2
DA:13,2
DA:15,2
DA:16,2
LH:8
LF:8
end_of_record
SF:/Users/loongallday/pdeservice-spb/supabase/functions/api-announcements/handlers/list.ts
FN:10,list
FNDA:1,list
FNF:1
FNH:1
BRF:0
BRH:0
DA:5,1
DA:6,1
DA:7,1
DA:10,1
DA:12,2
DA:15,2
DA:17,2
DA:18,2
LH:8
LF:8
end_of_record
SF:/Users/loongallday/pdeservice-spb/supabase/functions/api-announcements/handlers/update.ts
FN:17,update
FNDA:1,update
FNF:1
FNH:1
BRDA:19,1,0,0
BRDA:37,1,1,0
BRF:2
BRH:0
DA:5,1
DA:6,1
DA:7,1
DA:8,1
DA:17,1
DA:19,2
DA:21,0
DA:24,0
DA:25,0
DA:26,0
DA:27,0
DA:28,0
DA:29,0
DA:30,0
DA:31,0
DA:33,0
DA:34,0
DA:35,2
DA:36,2
DA:37,2
DA:39,0
DA:40,2
LH:10
LF:22
end_of_record
SF:/Users/loongallday/pdeservice-spb/supabase/functions/api-announcements/services/announcementService.ts
FN:36,getAll
FN:80,getById
FN:128,create
FN:186,update
FN:269,delete
FNDA:0,getAll
FNDA:0,getById
FNDA:0,create
FNDA:0,update
FNDA:0,delete
FNF:5
FNH:0
BRF:0
BRH:0
DA:5,1
DA:6,1
DA:32,1
DA:36,0
DA:37,0
DA:39,0
DA:40,0
DA:41,0
DA:59,0
DA:60,0
DA:62,0
DA:63,0
DA:64,0
DA:66,0
DA:67,0
DA:68,0
DA:69,0
DA:70,0
DA:72,0
DA:73,0
DA:74,0
DA:75,0
DA:80,0
DA:81,0
DA:83,0
DA:84,0
DA:85,0
DA:103,0
DA:104,0
DA:105,0
DA:107,0
DA:108,0
DA:109,0
DA:110,0
DA:111,0
DA:112,0
DA:114,0
DA:115,0
DA:116,0
DA:117,0
DA:118,0
DA:120,0
DA:121,0
DA:122,0
DA:123,0
DA:128,0
DA:129,0
DA:132,0
DA:133,0
DA:134,0
DA:135,0
DA:136,0
DA:138,0
DA:139,0
DA:140,0
DA:141,0
DA:144,0
DA:145,0
DA:146,0
DA:147,0
DA:148,0
DA:149,0
DA:151,0
DA:152,0
DA:153,0
DA:155,0
DA:156,0
DA:157,0
DA:158,0
DA:161,0
DA:162,0
DA:163,0
DA:164,0
DA:165,0
DA:166,0
DA:167,0
DA:168,0
DA:170,0
DA:171,0
DA:172,0
DA:174,0
DA:175,0
DA:176,0
DA:177,0
DA:180,0
DA:181,0
DA:186,0
DA:187,0
DA:190,0
DA:191,0
DA:192,0
DA:193,0
DA:196,0
DA:197,0
DA:198,0
DA:199,0
DA:200,0
DA:202,0
DA:203,0
DA:204,0
DA:205,0
DA:206,0
DA:209,0
DA:211,0
DA:212,0
DA:213,0
DA:214,0
DA:217,0
DA:218,0
DA:219,0
DA:220,0
DA:221,0
DA:222,0
DA:224,0
DA:225,0
DA:226,0
DA:228,0
DA:229,0
DA:230,0
DA:231,0
DA:232,0
DA:235,0
DA:237,0
DA:238,0
DA:239,0
DA:240,0
DA:243,0
DA:244,0
DA:245,0
DA:246,0
DA:247,0
DA:248,0
DA:249,0
DA:250,0
DA:252,0
DA:253,0
DA:254,0
DA:256,0
DA:257,0
DA:258,0
DA:259,0
DA:260,0
DA:263,0
DA:264,0
DA:269,0
DA:270,0
DA:273,0
DA:276,0
DA:277,0
DA:278,0
DA:279,0
DA:282,0
DA:283,0
DA:284,0
DA:285,0
DA:288,0
DA:289,0
DA:290,0
DA:291,0
DA:293,0
DA:294,0
DA:295,0
DA:296,0
DA:297,0
DA:298,1
LH:4
LF:165
end_of_record
SF:/Users/loongallday/pdeservice-spb/supabase/functions/api-appointments/handlers/create.ts
FN:54,create
FNDA:2,create
FNF:1
FNH:1
BRDA:56,1,0,1
BRDA:65,1,1,0
BRF:2
BRH:1
DA:39,1
DA:40,1
DA:41,1
DA:42,1
DA:43,1
DA:54,1
DA:56,3
DA:59,4
DA:62,4
DA:65,0
DA:66,0
DA:67,0
DA:70,0
DA:72,0
DA:73,3
LH:10
LF:15
end_of_record
SF:/Users/loongallday/pdeservice-spb/supabase/functions/api-appointments/handlers/delete.ts
FN:38,deleteAppointment
FNDA:3,deleteAppointment
FNF:1
FNH:1
BRDA:40,1,0,2
BRDA:46,1,1,1
BRF:2
BRH:2
DA:24,1
DA:25,1
DA:26,1
DA:27,1
DA:38,1
DA:40,4
DA:43,6
DA:46,6
DA:48,15
DA:49,4
LH:10
LF:10
end_of_record
SF:/Users/loongallday/pdeservice-spb/supabase/functions/api-appointments/handlers/get.ts
FN:31,get
FNDA:2,get
FNF:1
FNH:1
BRDA:39,1,0,1
BRF:1
BRH:1
DA:17,1
DA:18,1
DA:19,1
DA:20,1
DA:31,1
DA:33,3
DA:36,3
DA:39,3
DA:41,4
DA:42,3
LH:10
LF:10
end_of_record
SF:/Users/loongallday/pdeservice-spb/supabase/functions/api-appointments/handlers/list.ts
FN:35,list
FNDA:1,list
FNF:1
FNH:1
BRF:0
BRH:0
DA:22,1
DA:23,1
DA:24,1
DA:25,1
DA:35,1
DA:37,2
DA:40,2
DA:41,2
DA:42,2
DA:45,10
DA:47,2
DA:48,2
LH:12
LF:12
end_of_record
SF:/Users/loongallday/pdeservice-spb/supabase/functions/api-appointments/handlers/search.ts
FN:38,search
FNDA:1,search
FNF:1
FNH:1
BRF:0
BRH:0
DA:26,1
DA:27,1
DA:28,1
DA:38,1
DA:40,2
DA:43,2
DA:44,2
DA:47,2
DA:49,2
DA:50,2
LH:10
LF:10
end_of_record
SF:/Users/loongallday/pdeservice-spb/supabase/functions/api-appointments/handlers/update.ts
FN:50,update
FNDA:3,update
FNF:1
FNH:1
BRDA:52,1,0,2
BRDA:58,1,1,1
BRDA:63,1,2,0
BRF:3
BRH:2
DA:35,1
DA:36,1
DA:37,1
DA:38,1
DA:50,1
DA:52,4
DA:55,6
DA:58,6
DA:61,5
DA:62,5
DA:63,5
DA:66,0
DA:70,0
DA:71,0
DA:72,0
DA:75,0
DA:77,0
DA:78,4
LH:12
LF:18
end_of_record
SF:/Users/loongallday/pdeservice-spb/supabase/functions/api-appointments/services/appointmentService.ts
FN:51,getAll
FN:125,getById
FN:152,getByTicketId
FN:196,create
FN:239,update
FN:338,approve
FN:433,delete
FN:472,search
FNDA:0,getAll
FNDA:0,getById
FNDA:0,getByTicketId
FNDA:0,create
FNDA:0,update
FNDA:0,approve
FNDA:0,delete
FNDA:0,search
FNF:8
FNH:0
BRF:0
BRH:0
DA:10,1
DA:11,1
DA:12,1
DA:14,1
DA:15,1
DA:40,1
DA:51,0
DA:52,0
DA:53,0
DA:54,0
DA:55,0
DA:58,0
DA:59,0
DA:60,0
DA:63,0
DA:64,0
DA:65,0
DA:66,0
DA:67,0
DA:68,0
DA:70,0
DA:71,0
DA:72,0
DA:74,0
DA:75,0
DA:76,0
DA:77,0
DA:78,0
DA:79,0
DA:81,0
DA:82,0
DA:84,0
DA:85,0
DA:86,0
DA:89,0
DA:90,0
DA:91,0
DA:92,0
DA:93,0
DA:94,0
DA:96,0
DA:97,0
DA:98,0
DA:99,0
DA:100,0
DA:101,0
DA:103,0
DA:104,0
DA:105,0
DA:106,0
DA:108,0
DA:109,0
DA:111,0
DA:112,0
DA:113,0
DA:114,0
DA:115,0
DA:125,0
DA:126,0
DA:127,0
DA:128,0
DA:129,0
DA:130,0
DA:131,0
DA:133,0
DA:134,0
DA:135,0
DA:136,0
DA:137,0
DA:139,0
DA:140,0
DA:152,0
DA:153,0
DA:157,0
DA:158,0
DA:159,0
DA:160,0
DA:161,0
DA:163,0
DA:164,0
DA:165,0
DA:166,0
DA:168,0
DA:171,0
DA:172,0
DA:173,0
DA:174,0
DA:175,0
DA:177,0
DA:178,0
DA:179,0
DA:180,0
DA:182,0
DA:183,0
DA:196,0
DA:197,0
DA:200,0
DA:202,0
DA:203,0
DA:204,0
DA:205,0
DA:206,0
DA:208,0
DA:209,0
DA:212,0
DA:213,0
DA:214,0
DA:215,0
DA:216,0
DA:218,0
DA:220,0
DA:221,0
DA:222,0
DA:224,0
DA:225,0
DA:239,0
DA:240,0
DA:241,0
DA:242,0
DA:243,0
DA:246,0
DA:249,0
DA:250,0
DA:252,0
DA:254,0
DA:255,0
DA:256,0
DA:257,0
DA:258,0
DA:260,0
DA:261,0
DA:263,0
DA:264,0
DA:265,0
DA:266,0
DA:267,0
DA:269,0
DA:270,0
DA:271,0
DA:274,0
DA:279,0
DA:280,0
DA:281,0
DA:282,0
DA:283,0
DA:284,0
DA:286,0
DA:287,0
DA:290,0
DA:291,0
DA:292,0
DA:293,0
DA:294,0
DA:296,0
DA:297,0
DA:298,0
DA:299,0
DA:300,0
DA:304,0
DA:305,0
DA:306,0
DA:307,0
DA:308,0
DA:309,0
DA:310,0
DA:311,0
DA:312,0
DA:313,0
DA:314,0
DA:315,0
DA:316,0
DA:317,0
DA:318,0
DA:319,0
DA:321,0
DA:322,0
DA:338,0
DA:339,0
DA:340,0
DA:341,0
DA:342,0
DA:343,0
DA:346,0
DA:347,0
DA:348,0
DA:349,0
DA:351,0
DA:352,0
DA:353,0
DA:356,0
DA:357,0
DA:358,0
DA:361,0
DA:362,0
DA:363,0
DA:364,0
DA:365,0
DA:366,0
DA:367,0
DA:368,0
DA:369,0
DA:370,0
DA:371,0
DA:372,0
DA:374,0
DA:375,0
DA:376,0
DA:377,0
DA:378,0
DA:379,0
DA:381,0
DA:382,0
DA:384,0
DA:387,0
DA:388,0
DA:389,0
DA:391,0
DA:392,0
DA:393,0
DA:394,0
DA:395,0
DA:396,0
DA:397,0
DA:398,0
DA:399,0
DA:400,0
DA:401,0
DA:402,0
DA:403,0
DA:404,0
DA:405,0
DA:406,0
DA:407,0
DA:408,0
DA:409,0
DA:410,0
DA:411,0
DA:412,0
DA:415,0
DA:416,0
DA:417,0
DA:418,0
DA:420,0
DA:422,0
DA:423,0
DA:433,0
DA:434,0
DA:437,0
DA:438,0
DA:439,0
DA:440,0
DA:441,0
DA:444,0
DA:445,0
DA:446,0
DA:447,0
DA:449,0
DA:452,0
DA:453,0
DA:454,0
DA:455,0
DA:456,0
DA:458,0
DA:460,0
DA:461,0
DA:462,0
DA:463,0
DA:472,0
DA:473,0
DA:475,0
DA:476,0
DA:477,0
DA:480,0
DA:481,0
DA:482,0
DA:483,0
DA:484,0
DA:485,0
DA:487,0
DA:489,0
DA:490,0
DA:491,1
LH:7
LF:282
end_of_record
SF:/Users/loongallday/pdeservice-spb/supabase/functions/api-companies/handlers/create.ts
FN:12,create
FNDA:2,create
FNF:1
FNH:1
BRDA:14,1,0,1
BRDA:24,1,1,0
BRF:2
BRH:1
DA:5,1
DA:6,1
DA:7,1
DA:8,1
DA:9,1
DA:12,1
DA:14,3
DA:17,4
DA:20,4
DA:21,4
DA:24,4
DA:26,0
DA:27,3
LH:12
LF:13
end_of_record
SF:/Users/loongallday/pdeservice-spb/supabase/functions/api-companies/handlers/delete.ts
FN:13,deleteCompany
FNDA:2,deleteCompany
FNF:1
FNH:1
BRDA:15,1,0,1
BRF:1
BRH:1
DA:6,1
DA:7,1
DA:8,1
DA:9,1
DA:10,1
DA:13,1
DA:15,3
DA:18,4
DA:21,4
DA:23,12
DA:24,3
LH:11
LF:11
end_of_record
SF:/Users/loongallday/pdeservice-spb/supabase/functions/api-companies/handlers/getById.ts
FN:12,getById
FNDA:1,getById
FNF:1
FNH:1
BRF:0
BRH:0
DA:6,1
DA:7,1
DA:8,1
DA:9,1
DA:12,1
DA:14,2
DA:17,2
DA:20,2
DA:22,2
DA:23,2
LH:10
LF:10
end_of_record
SF:/Users/loongallday/pdeservice-spb/supabase/functions/api-companies/handlers/globalSearch.ts
FN:12,globalSearch
FNDA:0,globalSearch
FNF:1
FNH:0
BRF:0
BRH:0
DA:6,1
DA:7,1
DA:8,1
DA:9,1
DA:12,0
DA:14,0
DA:17,0
DA:18,0
DA:21,0
DA:24,0
DA:25,0
DA:26,0
DA:27,0
DA:28,0
DA:30,0
DA:31,0
LH:4
LF:16
end_of_record
SF:/Users/loongallday/pdeservice-spb/supabase/functions/api-companies/handlers/hint.ts
FN:11,hint
FNDA:1,hint
FNF:1
FNH:1
BRDA:17,1,0,0
BRF:1
BRH:0
DA:6,1
DA:7,1
DA:8,1
DA:11,1
DA:13,2
DA:16,2
DA:17,0
DA:20,2
DA:22,2
DA:23,2
LH:9
LF:10
end_of_record
SF:/Users/loongallday/pdeservice-spb/supabase/functions/api-companies/handlers/update.ts
FN:12,update
FNDA:2,update
FNF:1
FNH:1
BRDA:14,1,0,1
BRF:1
BRH:1
DA:6,1
DA:7,1
DA:8,1
DA:9,1
DA:12,1
DA:14,3
DA:17,4
DA:20,4
DA:23,4
DA:25,4
DA:26,3
LH:11
LF:11
end_of_record
SF:/Users/loongallday/pdeservice-spb/supabase/functions/api-companies/services/companyService.ts
FN:55,sanitizeCompanyData
FN:70,getAll
FN:104,getById
FN:171,globalSearch
FN:242,search
FN:266,hint
FN:293,create
FN:320,update
FN:347,delete
FN:377,createOrUpdate
FNDA:0,sanitizeCompanyData
FNDA:0,getAll
FNDA:0,getById
FNDA:0,globalSearch
FNDA:0,search
FNDA:0,hint
FNDA:0,create
FNDA:0,update
FNDA:0,delete
FNDA:0,createOrUpdate
FNF:10
FNH:0
BRF:0
BRH:0
DA:33,1
DA:34,1
DA:35,1
DA:36,1
DA:45,1
DA:55,0
DA:56,0
DA:57,0
DA:58,0
DA:59,0
DA:60,0
DA:61,0
DA:62,0
DA:63,0
DA:64,0
DA:65,0
DA:70,0
DA:71,0
DA:72,0
DA:75,0
DA:76,0
DA:77,0
DA:79,0
DA:81,0
DA:82,0
DA:83,0
DA:86,0
DA:87,0
DA:88,0
DA:89,0
DA:90,0
DA:92,0
DA:94,0
DA:95,0
DA:96,0
DA:97,0
DA:98,0
DA:104,0
DA:105,0
DA:108,0
DA:109,0
DA:112,0
DA:113,0
DA:114,0
DA:115,0
DA:116,0
DA:118,0
DA:119,0
DA:120,0
DA:121,0
DA:122,0
DA:123,0
DA:125,0
DA:126,0
DA:127,0
DA:131,0
DA:132,0
DA:133,0
DA:134,0
DA:135,0
DA:137,0
DA:138,0
DA:139,0
DA:142,0
DA:143,0
DA:144,0
DA:147,0
DA:148,0
DA:149,0
DA:150,0
DA:153,0
DA:154,0
DA:155,0
DA:156,0
DA:159,0
DA:160,0
DA:161,0
DA:162,0
DA:163,0
DA:164,0
DA:171,0
DA:175,0
DA:176,0
DA:177,0
DA:181,0
DA:184,0
DA:185,0
DA:186,0
DA:191,0
DA:192,0
DA:193,0
DA:195,0
DA:198,0
DA:199,0
DA:200,0
DA:204,0
DA:205,0
DA:206,0
DA:207,0
DA:211,0
DA:212,0
DA:213,0
DA:215,0
DA:217,0
DA:218,0
DA:219,0
DA:221,0
DA:224,0
DA:225,0
DA:226,0
DA:227,0
DA:228,0
DA:229,0
DA:230,0
DA:232,0
DA:233,0
DA:234,0
DA:235,0
DA:236,0
DA:242,0
DA:243,0
DA:245,0
DA:246,0
DA:247,0
DA:249,0
DA:250,0
DA:251,0
DA:252,0
DA:253,0
DA:254,0
DA:256,0
DA:258,0
DA:259,0
DA:266,0
DA:267,0
DA:269,0
DA:270,0
DA:271,0
DA:273,0
DA:275,0
DA:276,0
DA:278,0
DA:281,0
DA:282,0
DA:283,0
DA:285,0
DA:287,0
DA:288,0
DA:293,0
DA:294,0
DA:297,0
DA:301,0
DA:302,0
DA:303,0
DA:304,0
DA:305,0
DA:306,0
DA:307,0
DA:308,0
DA:310,0
DA:311,0
DA:313,0
DA:314,0
DA:320,0
DA:321,0
DA:324,0
DA:327,0
DA:328,0
DA:330,0
DA:331,0
DA:332,0
DA:333,0
DA:334,0
DA:335,0
DA:337,0
DA:338,0
DA:340,0
DA:341,0
DA:347,0
DA:348,0
DA:351,0
DA:352,0
DA:353,0
DA:356,0
DA:357,0
DA:358,0
DA:359,0
DA:360,0
DA:362,0
DA:363,0
DA:366,0
DA:367,0
DA:368,0
DA:369,0
DA:371,0
DA:372,0
DA:377,0
DA:378,0
DA:381,0
DA:384,0
DA:385,0
DA:386,0
DA:387,0
DA:388,0
DA:390,0
DA:392,0
DA:394,0
DA:395,0
DA:396,0
DA:397,0
DA:398,0
DA:399,0
DA:401,0
DA:402,0
DA:404,0
DA:405,0
DA:408,0
DA:409,0
DA:410,0
DA:411,0
DA:412,0
DA:414,0
DA:415,0
DA:417,0
DA:418,0
DA:419,1
LH:6
LF:226
end_of_record
SF:/Users/loongallday/pdeservice-spb/supabase/functions/api-contacts/handlers/create.ts
FN:12,create
FNDA:3,create
FNF:1
FNH:1
BRDA:14,1,0,2
BRDA:23,1,1,1
BRF:2
BRH:2
DA:5,1
DA:6,1
DA:7,1
DA:8,1
DA:9,1
DA:12,1
DA:14,4
DA:17,6
DA:20,6
DA:23,6
DA:25,5
DA:26,4
LH:12
LF:12
end_of_record
SF:/Users/loongallday/pdeservice-spb/supabase/functions/api-contacts/handlers/delete.ts
FN:11,deleteContact
FNDA:3,deleteContact
FNF:1
FNH:1
BRDA:13,1,0,2
BRDA:19,1,1,1
BRF:2
BRH:2
DA:5,1
DA:6,1
DA:7,1
DA:8,1
DA:11,1
DA:13,4
DA:16,6
DA:19,6
DA:21,15
DA:22,4
LH:10
LF:10
end_of_record
SF:/Users/loongallday/pdeservice-spb/supabase/functions/api-contacts/handlers/get.ts
FN:11,get
FNDA:2,get
FNF:1
FNH:1
BRDA:20,1,0,1
BRDA:26,1,1,1
BRF:2
BRH:2
DA:5,1
DA:6,1
DA:7,1
DA:8,1
DA:11,1
DA:12,3
DA:14,3
DA:17,3
DA:20,3
DA:22,4
DA:23,4
DA:24,4
DA:25,3
DA:26,3
DA:27,3
DA:29,3
DA:30,3
LH:17
LF:17
end_of_record
SF:/Users/loongallday/pdeservice-spb/supabase/functions/api-contacts/handlers/getBySite.ts
FN:11,getBySite
FNDA:1,getBySite
FNF:1
FNH:1
BRF:0
BRH:0
DA:5,1
DA:6,1
DA:7,1
DA:8,1
DA:11,1
DA:13,2
DA:16,2
DA:19,2
DA:21,2
DA:22,2
LH:10
LF:10
end_of_record
SF:/Users/loongallday/pdeservice-spb/supabase/functions/api-contacts/handlers/list.ts
FN:11,list
FNDA:1,list
FNF:1
FNH:1
BRF:0
BRH:0
DA:5,1
DA:6,1
DA:7,1
DA:8,1
DA:11,1
DA:13,2
DA:16,2
DA:17,2
DA:18,2
DA:21,10
DA:23,2
DA:24,2
LH:12
LF:12
end_of_record
SF:/Users/loongallday/pdeservice-spb/supabase/functions/api-contacts/handlers/search.ts
FN:10,search
FNDA:1,search
FNF:1
FNH:1
BRDA:16,1,0,0
BRF:1
BRH:0
DA:5,1
DA:6,1
DA:7,1
DA:10,1
DA:12,2
DA:15,2
DA:16,0
DA:17,2
DA:20,2
DA:22,2
DA:23,2
LH:10
LF:11
end_of_record
SF:/Users/loongallday/pdeservice-spb/supabase/functions/api-contacts/handlers/update.ts
FN:11,update
FNDA:3,update
FNF:1
FNH:1
BRDA:13,1,0,2
BRDA:19,1,1,1
BRF:2
BRH:2
DA:5,1
DA:6,1
DA:7,1
DA:8,1
DA:11,1
DA:13,4
DA:16,6
DA:19,6
DA:22,5
DA:24,5
DA:25,4
LH:11
LF:11
end_of_record
SF:/Users/loongallday/pdeservice-spb/supabase/functions/api-contacts/services/contactService.ts
FN:30,getAll
FN:53,getById
FN:77,getBySite
FN:85,search
FN:98,create
FN:108,update
FN:118,delete
FNDA:0,getAll
FNDA:0,getById
FNDA:0,getBySite
FNDA:0,search
FNDA:0,create
FNDA:0,update
FNDA:0,delete
FNF:7
FNH:0
BRF:0
BRH:0
DA:24,1
DA:25,1
DA:26,1
DA:29,1
DA:30,0
DA:31,0
DA:32,0
DA:34,0
DA:35,0
DA:37,0
DA:38,0
DA:40,0
DA:41,0
DA:42,0
DA:44,0
DA:45,0
DA:47,0
DA:48,0
DA:50,0
DA:51,0
DA:53,0
DA:54,0
DA:55,0
DA:56,0
DA:58,0
DA:59,0
DA:60,0
DA:61,0
DA:62,0
DA:63,0
DA:64,0
DA:65,0
DA:66,0
DA:68,0
DA:69,0
DA:70,0
DA:71,0
DA:72,0
DA:74,0
DA:75,0
DA:77,0
DA:78,0
DA:79,0
DA:81,0
DA:82,0
DA:83,0
DA:85,0
DA:86,0
DA:87,0
DA:89,0
DA:90,0
DA:92,0
DA:93,0
DA:95,0
DA:96,0
DA:98,0
DA:99,0
DA:100,0
DA:102,0
DA:103,0
DA:105,0
DA:106,0
DA:108,0
DA:109,0
DA:110,0
DA:112,0
DA:113,0
DA:115,0
DA:116,0
DA:118,0
DA:119,0
DA:120,0
DA:122,0
DA:123,0
DA:124,1
LH:5
LF:75
end_of_record
SF:/Users/loongallday/pdeservice-spb/supabase/functions/api-departments/handlers/create.ts
FN:13,create
FNDA:2,create
FNF:1
FNH:1
BRDA:15,1,0,1
BRF:1
BRH:1
DA:5,1
DA:6,1
DA:7,1
DA:8,1
DA:9,1
DA:10,1
DA:13,1
DA:15,3
DA:16,4
DA:17,4
DA:20,4
DA:23,4
DA:24,4
DA:27,4
DA:29,4
DA:30,3
LH:16
LF:16
end_of_record
SF:/Users/loongallday/pdeservice-spb/supabase/functions/api-departments/handlers/delete.ts
FN:12,deleteDepartment
FNDA:3,deleteDepartment
FNF:1
FNH:1
BRDA:14,1,0,1
BRDA:16,1,1,2
BRDA:22,1,2,1
BRF:3
BRH:3
DA:5,1
DA:6,1
DA:7,1
DA:8,1
DA:9,1
DA:12,1
DA:14,4
DA:15,5
DA:16,5
DA:19,6
DA:22,6
DA:24,15
DA:25,4
LH:13
LF:13
end_of_record
SF:/Users/loongallday/pdeservice-spb/supabase/functions/api-departments/handlers/search.ts
FN:11,search
FNDA:1,search
FNF:1
FNH:1
BRDA:17,1,0,0
BRF:1
BRH:0
DA:5,1
DA:6,1
DA:7,1
DA:8,1
DA:11,1
DA:13,2
DA:16,2
DA:17,0
DA:18,2
DA:21,8
DA:23,2
DA:24,2
LH:11
LF:12
end_of_record
SF:/Users/loongallday/pdeservice-spb/supabase/functions/api-departments/handlers/update.ts
FN:12,update
FNDA:4,update
FNF:1
FNH:1
BRDA:14,1,0,1
BRDA:16,1,1,3
BRDA:22,1,2,2
BRDA:25,1,3,1
BRF:4
BRH:4
DA:5,1
DA:6,1
DA:7,1
DA:8,1
DA:9,1
DA:12,1
DA:14,5
DA:15,6
DA:16,6
DA:19,8
DA:22,8
DA:25,5
DA:26,6
DA:27,6
DA:30,6
DA:32,6
DA:33,5
LH:17
LF:17
end_of_record
SF:/Users/loongallday/pdeservice-spb/supabase/functions/api-departments/services/departmentService.ts
FN:15,sanitizeDepartmentData
FN:30,search
FN:83,getById
FN:105,create
FN:123,update
FN:142,delete
FN:157,getDepartmentSummary
FNDA:0,sanitizeDepartmentData
FNDA:0,search
FNDA:0,getById
FNDA:0,create
FNDA:0,update
FNDA:0,delete
FNDA:0,getDepartmentSummary
FNF:7
FNH:0
BRF:0
BRH:0
DA:5,1
DA:6,1
DA:7,1
DA:8,1
DA:11,1
DA:15,0
DA:16,0
DA:17,0
DA:18,0
DA:19,0
DA:20,0
DA:21,0
DA:22,0
DA:23,0
DA:24,0
DA:25,0
DA:30,0
DA:31,0
DA:32,0
DA:33,0
DA:34,0
DA:35,0
DA:38,0
DA:39,0
DA:40,0
DA:43,0
DA:44,0
DA:45,0
DA:47,0
DA:50,0
DA:51,0
DA:52,0
DA:55,0
DA:56,0
DA:57,0
DA:58,0
DA:61,0
DA:62,0
DA:63,0
DA:65,0
DA:67,0
DA:68,0
DA:69,0
DA:71,0
DA:73,0
DA:74,0
DA:75,0
DA:76,0
DA:77,0
DA:83,0
DA:84,0
DA:86,0
DA:87,0
DA:88,0
DA:89,0
DA:90,0
DA:92,0
DA:93,0
DA:94,0
DA:95,0
DA:96,0
DA:97,0
DA:99,0
DA:100,0
DA:105,0
DA:106,0
DA:107,0
DA:109,0
DA:110,0
DA:111,0
DA:112,0
DA:113,0
DA:115,0
DA:117,0
DA:118,0
DA:123,0
DA:124,0
DA:125,0
DA:127,0
DA:128,0
DA:129,0
DA:130,0
DA:131,0
DA:132,0
DA:134,0
DA:136,0
DA:137,0
DA:142,0
DA:143,0
DA:145,0
DA:146,0
DA:147,0
DA:148,0
DA:150,0
DA:151,0
DA:157,0
DA:158,0
DA:161,0
DA:162,0
DA:163,0
DA:164,0
DA:165,0
DA:167,0
DA:170,0
DA:171,0
DA:172,0
DA:174,0
DA:178,0
DA:179,0
DA:180,0
DA:188,0
DA:190,0
DA:191,0
DA:192,0
DA:195,0
DA:196,0
DA:197,0
DA:198,0
DA:199,0
DA:200,0
DA:201,0
DA:202,0
DA:205,0
DA:206,0
DA:207,0
DA:209,0
DA:211,0
DA:212,0
DA:213,0
DA:214,0
DA:217,0
DA:231,0
DA:232,0
DA:233,0
DA:234,0
DA:235,0
DA:236,0
DA:237,0
DA:238,0
DA:239,0
DA:240,0
DA:241,0
DA:242,0
DA:243,0
DA:244,0
DA:247,0
DA:248,0
DA:250,0
DA:251,0
DA:253,0
DA:255,0
DA:256,0
DA:257,0
DA:258,0
DA:259,0
DA:260,0
DA:261,0
DA:263,0
DA:264,0
DA:265,0
DA:266,0
DA:267,0
DA:268,0
DA:269,0
DA:270,0
DA:271,0
DA:272,0
DA:273,0
DA:274,0
DA:275,0
DA:276,0
DA:277,0
DA:278,0
DA:279,0
DA:280,0
DA:283,0
DA:284,0
DA:285,0
DA:287,0
DA:288,0
DA:289,0
DA:291,0
DA:293,0
DA:294,0
DA:295,0
DA:296,0
DA:297,0
DA:298,0
DA:299,0
DA:301,0
DA:302,0
DA:304,0
DA:305,0
DA:306,0
DA:307,0
DA:308,0
DA:309,0
DA:310,0
DA:312,0
DA:313,0
DA:314,0
DA:315,0
DA:316,0
DA:317,0
DA:318,0
DA:319,0
DA:320,0
DA:321,0
DA:322,0
DA:323,0
DA:324,0
DA:325,0
DA:327,0
DA:328,0
DA:331,0
DA:332,0
DA:333,0
DA:334,1
LH:6
LF:218
end_of_record
SF:/Users/loongallday/pdeservice-spb/supabase/functions/api-employee-site-trainings/handlers/create.ts
FN:11,create
FNDA:2,create
FNF:1
FNH:1
BRDA:13,1,0,1
BRDA:17,1,1,0
BRDA:19,1,2,1
BRDA:21,1,3,0
BRDA:23,1,4,1
BRDA:25,1,5,0
BRDA:30,1,6,1
BRF:7
BRH:4
DA:5,1
DA:6,1
DA:7,1
DA:8,1
DA:11,1
DA:13,3
DA:15,4
DA:17,0
DA:18,0
DA:19,0
DA:21,0
DA:22,0
DA:23,0
DA:25,0
DA:26,0
DA:27,0
DA:28,0
DA:29,0
DA:30,0
DA:32,4
DA:34,4
DA:35,3
LH:10
LF:22
end_of_record
SF:/Users/loongallday/pdeservice-spb/supabase/functions/api-employee-site-trainings/handlers/list.ts
FN:11,list
FNDA:3,list
FNF:1
FNH:1
BRDA:17,1,0,2
BRDA:18,1,1,2
BRF:2
BRH:2
DA:5,1
DA:6,1
DA:7,1
DA:8,1
DA:11,1
DA:13,4
DA:15,4
DA:16,4
DA:17,4
DA:18,4
DA:20,4
DA:21,4
DA:22,4
DA:23,4
DA:24,4
DA:25,4
DA:27,4
DA:28,4
LH:18
LF:18
end_of_record
SF:/Users/loongallday/pdeservice-spb/supabase/functions/api-employee-site-trainings/services/employeeSiteTrainingService.ts
FN:22,sanitizeTrainingData
FN:30,getAll
FN:67,getById
FN:90,create
FN:113,update
FNDA:0,sanitizeTrainingData
FNDA:0,getAll
FNDA:0,getById
FNDA:0,create
FNDA:0,update
FNF:5
FNH:0
BRF:0
BRH:0
DA:5,1
DA:6,1
DA:7,1
DA:8,1
DA:18,1
DA:22,0
DA:23,0
DA:24,0
DA:25,0
DA:30,0
DA:33,0
DA:34,0
DA:35,0
DA:37,0
DA:39,0
DA:40,0
DA:41,0
DA:42,0
DA:44,0
DA:45,0
DA:46,0
DA:48,0
DA:49,0
DA:50,0
DA:52,0
DA:54,0
DA:55,0
DA:56,0
DA:58,0
DA:59,0
DA:61,0
DA:62,0
DA:67,0
DA:68,0
DA:70,0
DA:71,0
DA:72,0
DA:73,0
DA:74,0
DA:76,0
DA:77,0
DA:78,0
DA:80,0
DA:81,0
DA:82,0
DA:84,0
DA:85,0
DA:90,0
DA:91,0
DA:92,0
DA:94,0
DA:95,0
DA:96,0
DA:97,0
DA:98,0
DA:100,0
DA:101,0
DA:102,0
DA:103,0
DA:104,0
DA:105,0
DA:107,0
DA:108,0
DA:113,0
DA:114,0
DA:115,0
DA:117,0
DA:118,0
DA:119,0
DA:121,0
DA:122,0
DA:123,0
DA:124,0
DA:125,0
DA:126,0
DA:128,0
DA:129,0
DA:130,0
DA:131,0
DA:132,0
DA:133,0
DA:135,0
DA:136,0
DA:137,0
DA:139,0
DA:140,0
DA:141,1
LH:6
LF:87
end_of_record
SF:/Users/loongallday/pdeservice-spb/supabase/functions/api-employees/handlers/create.ts
FN:46,create
FNDA:2,create
FNF:1
FNH:1
BRDA:48,1,0,1
BRF:1
BRH:1
DA:39,1
DA:40,1
DA:41,1
DA:42,1
DA:43,1
DA:46,1
DA:48,3
DA:51,4
DA:54,4
DA:55,4
DA:58,4
DA:60,4
DA:61,3
LH:13
LF:13
end_of_record
SF:/Users/loongallday/pdeservice-spb/supabase/functions/api-employees/handlers/getById.ts
FN:41,getById
FNDA:2,getById
FNF:1
FNH:1
BRDA:49,1,0,1
BRF:1
BRH:1
DA:35,1
DA:36,1
DA:37,1
DA:38,1
DA:41,1
DA:43,3
DA:46,3
DA:49,3
DA:51,4
DA:52,3
LH:10
LF:10
end_of_record
SF:/Users/loongallday/pdeservice-spb/supabase/functions/api-employees/handlers/search.ts
FN:43,search
FNDA:2,search
FNF:1
FNH:1
BRDA:45,1,0,1
BRDA:52,1,1,0
BRDA:55,1,2,1
BRDA:56,1,3,1
BRDA:57,1,4,1
BRDA:58,1,5,1
BRDA:59,1,6,0
BRDA:59,1,7,1
BRDA:60,1,8,0
BRDA:63,1,9,0
BRDA:65,1,10,1
BRDA:66,1,11,0
BRDA:68,1,12,1
BRF:13
BRH:8
DA:37,1
DA:38,1
DA:39,1
DA:40,1
DA:43,1
DA:45,3
DA:48,4
DA:49,4
DA:52,0
DA:55,3
DA:56,3
DA:57,3
DA:58,3
DA:59,0
DA:60,0
DA:63,0
DA:64,0
DA:65,0
DA:66,0
DA:67,0
DA:68,0
DA:71,4
DA:72,4
DA:73,4
DA:74,4
DA:75,4
DA:76,4
DA:77,4
DA:78,4
DA:79,4
DA:81,4
DA:82,3
LH:23
LF:32
end_of_record
SF:/Users/loongallday/pdeservice-spb/supabase/functions/api-employees/services/employeeService.ts
FN:54,getRoleIdByCode
FN:88,getDepartmentIdByCode
FN:128,getById
FN:170,create
FN:235,createInitialLeaveBalances
FN:302,update
FN:430,delete
FN:454,linkAuth
FN:503,linkExistingAuth
FN:558,unlinkAuth
FN:596,getEmployeeCountsByDepartment
FN:682,search
FN:793,networkSearch
FN:897,getEmployeeSummary
FN:949,getTechniciansWithWorkload
FNDA:0,getRoleIdByCode
FNDA:0,getDepartmentIdByCode
FNDA:0,getById
FNDA:0,create
FNDA:0,createInitialLeaveBalances
FNDA:0,update
FNDA:0,delete
FNDA:0,linkAuth
FNDA:0,linkExistingAuth
FNDA:0,unlinkAuth
FNDA:0,getEmployeeCountsByDepartment
FNDA:0,search
FNDA:0,networkSearch
FNDA:0,getEmployeeSummary
FNDA:0,getTechniciansWithWorkload
FNF:15
FNH:0
BRF:0
BRH:0
DA:25,1
DA:26,1
DA:27,1
DA:39,1
DA:40,1
DA:41,1
DA:42,1
DA:43,1
DA:44,1
DA:54,0
DA:56,0
DA:57,0
DA:58,0
DA:59,0
DA:60,0
DA:63,0
DA:64,0
DA:65,0
DA:66,0
DA:67,0
DA:68,0
DA:70,0
DA:71,0
DA:74,0
DA:75,0
DA:77,0
DA:78,0
DA:88,0
DA:90,0
DA:91,0
DA:92,0
DA:93,0
DA:94,0
DA:97,0
DA:98,0
DA:99,0
DA:100,0
DA:101,0
DA:102,0
DA:104,0
DA:105,0
DA:108,0
DA:109,0
DA:111,0
DA:112,0
DA:118,1
DA:128,0
DA:129,0
DA:131,0
DA:132,0
DA:133,0
DA:139,0
DA:140,0
DA:141,0
DA:143,0
DA:144,0
DA:145,0
DA:146,0
DA:147,0
DA:148,0
DA:150,0
DA:151,0
DA:152,0
DA:154,0
DA:155,0
DA:170,0
DA:171,0
DA:175,0
DA:176,0
DA:178,0
DA:179,0
DA:180,0
DA:181,0
DA:182,0
DA:184,0
DA:185,0
DA:186,0
DA:187,0
DA:190,0
DA:191,0
DA:192,0
DA:194,0
DA:195,0
DA:197,0
DA:198,0
DA:199,0
DA:200,0
DA:206,0
DA:207,0
DA:209,0
DA:210,0
DA:213,0
DA:215,0
DA:216,0
DA:235,0
DA:236,0
DA:237,0
DA:240,0
DA:241,0
DA:242,0
DA:243,0
DA:244,0
DA:247,0
DA:248,0
DA:249,0
DA:250,0
DA:251,0
DA:252,0
DA:253,0
DA:255,0
DA:256,0
DA:257,0
DA:259,0
DA:261,0
DA:262,0
DA:264,0
DA:265,0
DA:268,0
DA:269,0
DA:270,0
DA:271,0
DA:272,0
DA:273,0
DA:274,0
DA:275,0
DA:276,0
DA:278,0
DA:279,0
DA:280,0
DA:281,0
DA:283,0
DA:284,0
DA:285,0
DA:286,0
DA:287,0
DA:302,0
DA:303,0
DA:306,0
DA:307,0
DA:308,0
DA:310,0
DA:312,0
DA:314,0
DA:316,0
DA:317,0
DA:318,0
DA:321,0
DA:324,0
DA:325,0
DA:326,0
DA:327,0
DA:328,0
DA:329,0
DA:330,0
DA:331,0
DA:332,0
DA:334,0
DA:335,0
DA:336,0
DA:337,0
DA:338,0
DA:339,0
DA:340,0
DA:341,0
DA:342,0
DA:343,0
DA:345,0
DA:346,0
DA:347,0
DA:348,0
DA:350,0
DA:351,0
DA:352,0
DA:353,0
DA:356,0
DA:357,0
DA:358,0
DA:364,0
DA:365,0
DA:366,0
DA:368,0
DA:370,0
DA:371,0
DA:373,0
DA:374,0
DA:378,0
DA:379,0
DA:381,0
DA:382,0
DA:383,0
DA:384,0
DA:385,0
DA:387,0
DA:388,0
DA:389,0
DA:390,0
DA:393,0
DA:394,0
DA:395,0
DA:397,0
DA:398,0
DA:401,0
DA:402,0
DA:403,0
DA:404,0
DA:405,0
DA:411,0
DA:412,0
DA:414,0
DA:415,0
DA:417,0
DA:418,0
DA:430,0
DA:431,0
DA:433,0
DA:434,0
DA:435,0
DA:436,0
DA:438,0
DA:439,0
DA:454,0
DA:455,0
DA:458,0
DA:459,0
DA:460,0
DA:461,0
DA:462,0
DA:464,0
DA:465,0
DA:468,0
DA:469,0
DA:470,0
DA:471,0
DA:472,0
DA:473,0
DA:474,0
DA:475,0
DA:481,0
DA:482,0
DA:484,0
DA:485,0
DA:487,0
DA:488,0
DA:503,0
DA:504,0
DA:507,0
DA:508,0
DA:509,0
DA:512,0
DA:513,0
DA:514,0
DA:515,0
DA:516,0
DA:517,0
DA:519,0
DA:520,0
DA:521,0
DA:522,0
DA:525,0
DA:526,0
DA:527,0
DA:528,0
DA:529,0
DA:530,0
DA:531,0
DA:532,0
DA:538,0
DA:539,0
DA:541,0
DA:542,0
DA:544,0
DA:545,0
DA:558,0
DA:559,0
DA:562,0
DA:563,0
DA:564,0
DA:565,0
DA:566,0
DA:567,0
DA:568,0
DA:574,0
DA:575,0
DA:577,0
DA:578,0
DA:580,0
DA:581,0
DA:596,0
DA:597,0
DA:600,0
DA:601,0
DA:602,0
DA:603,0
DA:604,0
DA:606,0
DA:609,0
DA:610,0
DA:611,0
DA:613,0
DA:614,0
DA:615,0
DA:618,0
DA:629,0
DA:630,0
DA:631,0
DA:632,0
DA:633,0
DA:634,0
DA:635,0
DA:636,0
DA:637,0
DA:638,0
DA:639,0
DA:642,0
DA:643,0
DA:645,0
DA:646,0
DA:648,0
DA:649,0
DA:650,0
DA:651,0
DA:652,0
DA:653,0
DA:654,0
DA:655,0
DA:656,0
DA:657,0
DA:660,0
DA:661,0
DA:662,0
DA:682,0
DA:690,0
DA:691,0
DA:692,0
DA:695,0
DA:696,0
DA:697,0
DA:698,0
DA:700,0
DA:701,0
DA:702,0
DA:703,0
DA:704,0
DA:705,0
DA:706,0
DA:709,0
DA:711,0
DA:712,0
DA:713,0
DA:716,0
DA:717,0
DA:718,0
DA:720,0
DA:723,0
DA:724,0
DA:725,0
DA:726,0
DA:727,0
DA:728,0
DA:729,0
DA:730,0
DA:731,0
DA:732,0
DA:733,0
DA:734,0
DA:737,0
DA:738,0
DA:739,0
DA:741,0
DA:743,0
DA:746,0
DA:747,0
DA:748,0
DA:749,0
DA:750,0
DA:751,0
DA:752,0
DA:753,0
DA:754,0
DA:755,0
DA:756,0
DA:757,0
DA:758,0
DA:759,0
DA:760,0
DA:761,0
DA:763,0
DA:764,0
DA:765,0
DA:766,0
DA:767,0
DA:793,0
DA:801,0
DA:802,0
DA:803,0
DA:806,0
DA:809,0
DA:810,0
DA:811,0
DA:813,0
DA:814,0
DA:815,0
DA:816,0
DA:817,0
DA:818,0
DA:819,0
DA:822,0
DA:823,0
DA:824,0
DA:827,0
DA:828,0
DA:829,0
DA:830,0
DA:833,0
DA:834,0
DA:835,0
DA:837,0
DA:840,0
DA:841,0
DA:842,0
DA:843,0
DA:844,0
DA:845,0
DA:846,0
DA:847,0
DA:848,0
DA:851,0
DA:852,0
DA:853,0
DA:855,0
DA:857,0
DA:860,0
DA:861,0
DA:862,0
DA:863,0
DA:864,0
DA:865,0
DA:866,0
DA:867,0
DA:868,0
DA:869,0
DA:870,0
DA:871,0
DA:872,0
DA:873,0
DA:874,0
DA:875,0
DA:876,0
DA:878,0
DA:879,0
DA:880,0
DA:881,0
DA:882,0
DA:897,0
DA:898,0
DA:901,0
DA:902,0
DA:903,0
DA:912,0
DA:913,0
DA:914,0
DA:916,0
DA:919,0
DA:920,0
DA:921,0
DA:922,0
DA:923,0
DA:924,0
DA:925,0
DA:926,0
DA:927,0
DA:949,0
DA:950,0
DA:951,0
DA:952,0
DA:955,0
DA:957,0
DA:958,0
DA:959,0
DA:963,0
DA:964,0
DA:965,0
DA:966,0
DA:967,0
DA:969,0
DA:970,0
DA:971,0
DA:973,0
DA:974,0
DA:975,0
DA:977,0
DA:980,0
DA:981,0
DA:982,0
DA:983,0
DA:984,0
DA:985,0
DA:986,0
DA:988,0
DA:991,0
DA:992,0
DA:993,0
DA:1000,0
DA:1001,0
DA:1003,0
DA:1004,0
DA:1005,0
DA:1008,0
DA:1010,0
DA:1011,0
DA:1012,0
DA:1013,0
DA:1015,0
DA:1017,0
DA:1018,0
DA:1020,0
DA:1021,0
DA:1024,0
DA:1025,0
DA:1026,0
DA:1027,0
DA:1030,0
DA:1031,0
DA:1032,0
DA:1035,0
DA:1036,0
DA:1037,0
DA:1038,0
DA:1039,0
DA:1040,0
DA:1041,0
DA:1042,0
DA:1043,0
DA:1044,0
DA:1046,0
DA:1047,0
DA:1048,0
DA:1049,0
DA:1050,0
DA:1051,0
DA:1052,0
DA:1054,1
LH:11
LF:542
end_of_record
SF:/Users/loongallday/pdeservice-spb/supabase/functions/api-features/handlers/getEnabled.ts
FN:10,getEnabled
FNDA:3,getEnabled
FNF:1
FNH:1
BRDA:16,1,0,0
BRF:1
BRH:0
DA:5,1
DA:6,1
DA:7,1
DA:10,1
DA:12,4
DA:15,4
DA:16,0
DA:19,4
DA:21,4
DA:22,4
LH:9
LF:10
end_of_record
SF:/Users/loongallday/pdeservice-spb/supabase/functions/api-features/handlers/getMenuItems.ts
FN:11,getMenuItems
FNDA:3,getMenuItems
FNF:1
FNH:1
BRDA:17,1,0,0
BRF:1
BRH:0
DA:6,1
DA:7,1
DA:8,1
DA:11,1
DA:13,4
DA:16,4
DA:17,0
DA:20,4
DA:22,4
DA:23,4
LH:9
LF:10
end_of_record
SF:/Users/loongallday/pdeservice-spb/supabase/functions/api-features/services/featureService.ts
FN:16,getEnabledFeatures
FN:69,getMenuItems
FN:125,getAll
FNDA:0,getEnabledFeatures
FNDA:0,getMenuItems
FNDA:0,getAll
FNF:3
FNH:0
BRF:0
BRH:0
DA:5,1
DA:6,1
DA:8,1
DA:16,0
DA:17,0
DA:19,0
DA:20,0
DA:21,0
DA:22,0
DA:23,0
DA:24,0
DA:26,0
DA:28,0
DA:29,0
DA:30,0
DA:34,0
DA:36,0
DA:39,0
DA:40,0
DA:41,0
DA:44,0
DA:45,0
DA:46,0
DA:49,0
DA:50,0
DA:52,0
DA:53,0
DA:56,0
DA:57,0
DA:69,0
DA:70,0
DA:74,0
DA:75,0
DA:76,0
DA:77,0
DA:78,0
DA:79,0
DA:80,0
DA:82,0
DA:84,0
DA:85,0
DA:86,0
DA:90,0
DA:93,0
DA:94,0
DA:95,0
DA:96,0
DA:99,0
DA:102,0
DA:103,0
DA:104,0
DA:107,0
DA:108,0
DA:109,0
DA:112,0
DA:113,0
DA:115,0
DA:116,0
DA:119,0
DA:120,0
DA:125,0
DA:126,0
DA:128,0
DA:129,0
DA:130,0
DA:131,0
DA:133,0
DA:135,0
DA:136,0
DA:137,1
LH:4
LF:70
end_of_record
SF:/Users/loongallday/pdeservice-spb/supabase/functions/api-fleet/handlers/fleet.ts
FN:15,listFleet
FN:36,getVehicle
FN:52,updateVehicle
FN:69,setVehicleEmployees
FN:87,addVehicleEmployee
FN:105,removeVehicleEmployee
FN:117,getVehicleRoute
FN:138,getWorkLocations
FN:153,listGarages
FN:164,createGarage
FN:192,updateGarage
FN:213,deleteGarage
FNDA:3,listFleet
FNDA:2,getVehicle
FNDA:2,updateVehicle
FNDA:3,setVehicleEmployees
FNDA:2,addVehicleEmployee
FNDA:2,removeVehicleEmployee
FNDA:2,getVehicleRoute
FNDA:2,getWorkLocations
FNDA:2,listGarages
FNDA:4,createGarage
FNDA:3,updateGarage
FNDA:3,deleteGarage
FNF:12
FNH:12
BRDA:16,1,0,2
BRDA:24,1,1,1
BRDA:24,1,2,1
BRDA:26,1,3,2
BRDA:37,2,0,1
BRDA:42,2,1,0
BRDA:44,2,2,1
BRDA:53,3,0,1
BRDA:70,4,0,2
BRDA:77,4,1,0
BRDA:88,5,0,1
BRDA:93,5,1,0
BRDA:93,5,2,1
BRDA:95,5,3,0
BRDA:106,6,0,1
BRDA:109,6,1,0
BRDA:118,7,0,1
BRDA:124,7,1,0
BRDA:125,7,2,1
BRDA:126,7,3,1
BRDA:129,7,4,1
BRDA:139,8,0,1
BRDA:145,8,1,1
BRDA:154,9,0,1
BRDA:165,10,0,3
BRDA:169,10,1,2
BRDA:169,10,2,1
BRDA:171,10,3,2
BRDA:172,10,4,1
BRDA:172,10,5,1
BRDA:181,10,6,0
BRDA:184,10,7,1
BRDA:193,11,0,2
BRDA:196,11,1,1
BRDA:200,11,2,0
BRDA:200,11,3,1
BRDA:201,11,4,0
BRDA:201,11,5,1
BRDA:202,11,6,0
BRDA:202,11,7,1
BRDA:203,11,8,0
BRDA:203,11,9,1
BRDA:214,12,0,2
BRDA:217,12,1,1
BRF:44
BRH:33
DA:5,1
DA:6,1
DA:7,1
DA:8,1
DA:9,1
DA:15,1
DA:16,4
DA:18,6
DA:20,6
DA:23,6
DA:24,23
DA:25,5
DA:26,5
DA:28,6
DA:30,6
DA:31,4
DA:36,1
DA:37,3
DA:40,4
DA:42,0
DA:43,0
DA:44,0
DA:46,4
DA:47,3
DA:52,1
DA:53,3
DA:56,4
DA:58,4
DA:59,4
DA:60,4
DA:61,4
DA:63,4
DA:64,3
DA:69,1
DA:70,4
DA:73,6
DA:75,6
DA:76,6
DA:77,6
DA:79,0
DA:81,0
DA:82,4
DA:87,1
DA:88,3
DA:91,4
DA:93,0
DA:94,4
DA:95,4
DA:97,0
DA:99,0
DA:100,3
DA:105,1
DA:106,3
DA:107,4
DA:109,4
DA:111,0
DA:112,3
DA:117,1
DA:118,3
DA:121,4
DA:123,4
DA:124,0
DA:125,3
DA:126,3
DA:127,3
DA:129,3
DA:131,4
DA:132,3
DA:138,1
DA:139,3
DA:142,4
DA:143,3
DA:145,3
DA:147,4
DA:148,3
DA:153,1
DA:154,3
DA:156,4
DA:158,4
DA:159,3
DA:164,1
DA:165,5
DA:167,8
DA:169,5
DA:170,6
DA:171,6
DA:172,5
DA:173,6
DA:174,6
DA:176,6
DA:177,6
DA:178,6
DA:179,6
DA:180,6
DA:181,0
DA:182,5
DA:184,5
DA:186,6
DA:187,5
DA:192,1
DA:193,4
DA:194,6
DA:196,6
DA:198,5
DA:199,5
DA:200,0
DA:201,0
DA:202,0
DA:203,0
DA:205,5
DA:207,5
DA:208,4
DA:213,1
DA:214,4
DA:215,6
DA:217,6
DA:219,15
DA:220,4
LH:103
LF:118
end_of_record
SF:/Users/loongallday/pdeservice-spb/supabase/functions/api-fleet/services/fleetService.ts
FN:87,validateDateFormat
FN:107,calculateDistance
FN:125,list
FN:219,getById
FN:305,getWorkLocations
FN:425,getRouteHistory
FN:475,listGarages
FN:500,createGarage
FN:525,updateGarage
FN:552,deleteGarage
FN:568,updateVehicle
FN:595,setVehicleEmployees
FN:654,addVehicleEmployee
FN:696,removeVehicleEmployee
FNDA:0,validateDateFormat
FNDA:0,calculateDistance
FNDA:0,list
FNDA:0,getById
FNDA:0,getWorkLocations
FNDA:0,getRouteHistory
FNDA:0,listGarages
FNDA:0,createGarage
FNDA:0,updateGarage
FNDA:0,deleteGarage
FNDA:0,updateVehicle
FNDA:0,setVehicleEmployees
FNDA:0,addVehicleEmployee
FNDA:0,removeVehicleEmployee
FNF:14
FNH:0
BRF:0
BRH:0
DA:5,1
DA:6,1
DA:83,1
DA:87,0
DA:88,0
DA:90,0
DA:91,0
DA:92,0
DA:93,0
DA:96,0
DA:97,0
DA:98,0
DA:99,0
DA:101,0
DA:102,0
DA:107,0
DA:108,0
DA:109,0
DA:110,0
DA:111,0
DA:112,0
DA:114,0
DA:115,0
DA:116,0
DA:117,0
DA:119,0
DA:120,0
DA:125,0
DA:126,0
DA:129,0
DA:130,0
DA:131,0
DA:160,0
DA:161,0
DA:164,0
DA:165,0
DA:166,0
DA:168,0
DA:170,0
DA:171,0
DA:172,0
DA:175,0
DA:176,0
DA:177,0
DA:179,0
DA:180,0
DA:181,0
DA:182,0
DA:183,0
DA:184,0
DA:185,0
DA:186,0
DA:189,0
DA:190,0
DA:191,0
DA:192,0
DA:193,0
DA:194,0
DA:195,0
DA:197,0
DA:198,0
DA:199,0
DA:200,0
DA:201,0
DA:202,0
DA:203,0
DA:204,0
DA:205,0
DA:206,0
DA:207,0
DA:208,0
DA:209,0
DA:210,0
DA:211,0
DA:212,0
DA:213,0
DA:214,0
DA:219,0
DA:220,0
DA:222,0
DA:223,0
DA:224,0
DA:253,0
DA:254,0
DA:255,0
DA:257,0
DA:258,0
DA:259,0
DA:260,0
DA:262,0
DA:263,0
DA:265,0
DA:266,0
DA:267,0
DA:268,0
DA:269,0
DA:270,0
DA:271,0
DA:272,0
DA:275,0
DA:276,0
DA:277,0
DA:278,0
DA:279,0
DA:280,0
DA:281,0
DA:283,0
DA:284,0
DA:285,0
DA:286,0
DA:287,0
DA:288,0
DA:289,0
DA:290,0
DA:291,0
DA:292,0
DA:293,0
DA:294,0
DA:295,0
DA:296,0
DA:297,0
DA:298,0
DA:299,0
DA:305,0
DA:306,0
DA:309,0
DA:312,0
DA:313,0
DA:314,0
DA:315,0
DA:317,0
DA:318,0
DA:319,0
DA:321,0
DA:323,0
DA:324,0
DA:326,0
DA:329,0
DA:333,0
DA:334,0
DA:335,0
DA:362,0
DA:363,0
DA:364,0
DA:367,0
DA:368,0
DA:369,0
DA:370,0
DA:371,0
DA:372,0
DA:373,0
DA:375,0
DA:376,0
DA:377,0
DA:380,0
DA:381,0
DA:386,0
DA:387,0
DA:388,0
DA:389,0
DA:392,0
DA:393,0
DA:403,0
DA:404,0
DA:405,0
DA:406,0
DA:407,0
DA:408,0
DA:409,0
DA:410,0
DA:411,0
DA:412,0
DA:413,0
DA:414,0
DA:415,0
DA:416,0
DA:417,0
DA:418,0
DA:419,0
DA:420,0
DA:425,0
DA:426,0
DA:429,0
DA:430,0
DA:431,0
DA:434,0
DA:435,0
DA:437,0
DA:438,0
DA:439,0
DA:440,0
DA:441,0
DA:442,0
DA:443,0
DA:444,0
DA:445,0
DA:446,0
DA:447,0
DA:449,0
DA:450,0
DA:451,0
DA:452,0
DA:453,0
DA:454,0
DA:455,0
DA:457,0
DA:458,0
DA:459,0
DA:461,0
DA:462,0
DA:463,0
DA:464,0
DA:465,0
DA:466,0
DA:467,0
DA:468,0
DA:469,0
DA:470,0
DA:475,0
DA:483,0
DA:484,0
DA:485,0
DA:486,0
DA:487,0
DA:488,0
DA:490,0
DA:491,0
DA:492,0
DA:494,0
DA:495,0
DA:500,0
DA:501,0
DA:503,0
DA:504,0
DA:505,0
DA:506,0
DA:507,0
DA:508,0
DA:509,0
DA:510,0
DA:511,0
DA:512,0
DA:513,0
DA:515,0
DA:516,0
DA:517,0
DA:519,0
DA:520,0
DA:525,0
DA:526,0
DA:528,0
DA:529,0
DA:530,0
DA:531,0
DA:532,0
DA:533,0
DA:535,0
DA:536,0
DA:537,0
DA:538,0
DA:539,0
DA:540,0
DA:542,0
DA:543,0
DA:544,0
DA:546,0
DA:547,0
DA:552,0
DA:553,0
DA:555,0
DA:556,0
DA:557,0
DA:558,0
DA:560,0
DA:561,0
DA:562,0
DA:563,0
DA:568,0
DA:569,0
DA:571,0
DA:572,0
DA:573,0
DA:575,0
DA:576,0
DA:577,0
DA:578,0
DA:580,0
DA:581,0
DA:582,0
DA:584,0
DA:585,0
DA:586,0
DA:587,0
DA:589,0
DA:590,0
DA:595,0
DA:596,0
DA:599,0
DA:600,0
DA:601,0
DA:602,0
DA:604,0
DA:605,0
DA:606,0
DA:609,0
DA:610,0
DA:611,0
DA:614,0
DA:615,0
DA:616,0
DA:617,0
DA:619,0
DA:620,0
DA:621,0
DA:623,0
DA:624,0
DA:625,0
DA:628,0
DA:629,0
DA:630,0
DA:636,0
DA:637,0
DA:639,0
DA:640,0
DA:641,0
DA:643,0
DA:644,0
DA:645,0
DA:646,0
DA:647,0
DA:648,0
DA:649,0
DA:654,0
DA:655,0
DA:658,0
DA:659,0
DA:660,0
DA:661,0
DA:662,0
DA:663,0
DA:665,0
DA:666,0
DA:667,0
DA:670,0
DA:671,0
DA:672,0
DA:678,0
DA:679,0
DA:681,0
DA:682,0
DA:683,0
DA:685,0
DA:686,0
DA:687,0
DA:688,0
DA:689,0
DA:690,0
DA:691,0
DA:696,0
DA:697,0
DA:699,0
DA:700,0
DA:701,0
DA:702,0
DA:703,0
DA:705,0
DA:706,0
DA:707,0
DA:708,0
DA:709,1
LH:4
LF:370
end_of_record
SF:/Users/loongallday/pdeservice-spb/supabase/functions/api-initialize/handlers/features.ts
FN:10,features
FNDA:2,features
FNF:1
FNH:1
BRF:0
BRH:0
DA:5,1
DA:6,1
DA:7,1
DA:10,1
DA:12,3
DA:15,3
DA:17,3
DA:18,3
LH:8
LF:8
end_of_record
SF:/Users/loongallday/pdeservice-spb/supabase/functions/api-initialize/handlers/initialize.ts
FN:10,initialize
FNDA:2,initialize
FNF:1
FNH:1
BRF:0
BRH:0
DA:5,1
DA:6,1
DA:7,1
DA:10,1
DA:12,3
DA:15,3
DA:17,3
DA:18,3
LH:8
LF:8
end_of_record
SF:/Users/loongallday/pdeservice-spb/supabase/functions/api-initialize/handlers/me.ts
FN:12,me
FNDA:3,me
FNF:1
FNH:1
BRF:0
BRH:0
DA:7,1
DA:8,1
DA:9,1
DA:12,1
DA:14,4
DA:17,4
DA:19,4
DA:20,4
LH:8
LF:8
end_of_record
SF:/Users/loongallday/pdeservice-spb/supabase/functions/api-initialize/services/initializeService.ts
FN:34,getFeatures
FN:98,getCurrentUserInfo
FN:191,getInitializeData
FNDA:0,getFeatures
FNDA:0,getCurrentUserInfo
FNDA:0,getInitializeData
FNF:3
FNH:0
BRF:0
BRH:0
DA:5,1
DA:6,1
DA:7,1
DA:29,1
DA:34,0
DA:35,0
DA:38,0
DA:39,0
DA:42,0
DA:43,0
DA:44,0
DA:45,0
DA:46,0
DA:47,0
DA:50,0
DA:51,0
DA:52,0
DA:55,0
DA:57,0
DA:58,0
DA:59,0
DA:62,0
DA:63,0
DA:64,0
DA:65,0
DA:66,0
DA:67,0
DA:69,0
DA:72,0
DA:73,0
DA:74,0
DA:77,0
DA:78,0
DA:79,0
DA:82,0
DA:83,0
DA:85,0
DA:86,0
DA:89,0
DA:91,0
DA:92,0
DA:98,0
DA:99,0
DA:102,0
DA:103,0
DA:104,0
DA:105,0
DA:106,0
DA:107,0
DA:108,0
DA:109,0
DA:111,0
DA:112,0
DA:113,0
DA:134,0
DA:135,0
DA:136,0
DA:139,0
DA:140,0
DA:141,0
DA:142,0
DA:143,0
DA:144,0
DA:146,0
DA:147,0
DA:148,0
DA:151,0
DA:152,0
DA:154,0
DA:155,0
DA:156,0
DA:157,0
DA:158,0
DA:159,0
DA:162,0
DA:163,0
DA:166,0
DA:167,0
DA:168,0
DA:169,0
DA:172,0
DA:173,0
DA:174,0
DA:175,0
DA:176,0
DA:177,0
DA:178,0
DA:181,0
DA:182,0
DA:183,0
DA:184,0
DA:185,0
DA:186,0
DA:191,0
DA:192,0
DA:195,0
DA:196,0
DA:199,0
DA:201,0
DA:202,0
DA:203,0
DA:204,0
DA:205,0
DA:206,0
DA:209,0
DA:210,0
DA:211,0
DA:232,0
DA:233,0
DA:234,0
DA:235,0
DA:238,0
DA:239,0
DA:240,0
DA:242,0
DA:243,0
DA:244,0
DA:247,0
DA:248,0
DA:251,0
DA:252,0
DA:253,0
DA:256,0
DA:257,0
DA:258,0
DA:261,0
DA:262,0
DA:264,0
DA:265,0
DA:268,0
DA:271,0
DA:272,0
DA:273,0
DA:276,0
DA:277,0
DA:279,0
DA:280,0
DA:281,0
DA:282,0
DA:283,0
DA:284,0
DA:287,0
DA:288,0
DA:291,0
DA:292,0
DA:293,0
DA:295,0
DA:296,0
DA:297,0
DA:298,0
DA:299,0
DA:300,0
DA:301,1
LH:5
LF:153
end_of_record
SF:/Users/loongallday/pdeservice-spb/supabase/functions/api-leave-requests/handlers/approve.ts
FN:11,approve
FNDA:3,approve
FNF:1
FNH:1
BRDA:13,1,0,2
BRDA:19,1,1,1
BRF:2
BRH:2
DA:5,1
DA:6,1
DA:7,1
DA:8,1
DA:11,1
DA:13,4
DA:16,6
DA:19,6
DA:21,5
DA:22,4
LH:10
LF:10
end_of_record
SF:/Users/loongallday/pdeservice-spb/supabase/functions/api-leave-requests/handlers/create.ts
FN:12,create
FNDA:5,create
FNF:1
FNH:1
BRDA:34,1,0,0
BRDA:35,1,1,1
BRDA:41,1,2,0
BRDA:42,1,3,0
BRDA:43,1,4,0
BRDA:44,1,5,0
BRDA:45,1,6,0
BRDA:47,1,7,0
BRDA:49,1,8,1
BRF:9
BRH:2
DA:5,1
DA:6,1
DA:7,1
DA:8,1
DA:9,1
DA:12,1
DA:14,6
DA:17,6
DA:20,6
DA:21,6
DA:22,6
DA:23,6
DA:24,6
DA:28,6
DA:29,6
DA:30,6
DA:31,6
DA:32,6
DA:33,6
DA:34,0
DA:35,6
DA:36,6
DA:40,0
DA:41,0
DA:42,0
DA:43,0
DA:44,0
DA:45,0
DA:46,0
DA:47,0
DA:48,0
DA:49,0
DA:52,7
DA:54,7
DA:55,6
LH:24
LF:35
end_of_record
SF:/Users/loongallday/pdeservice-spb/supabase/functions/api-leave-requests/handlers/list.ts
FN:11,list
FNDA:1,list
FNF:1
FNH:1
BRF:0
BRH:0
DA:5,1
DA:6,1
DA:7,1
DA:8,1
DA:11,1
DA:13,2
DA:16,2
DA:17,2
DA:18,2
DA:19,2
DA:20,2
DA:21,2
DA:22,2
DA:25,2
DA:26,2
DA:27,2
DA:28,2
DA:29,2
DA:30,2
DA:31,2
DA:32,2
DA:33,2
DA:35,2
DA:36,2
LH:24
LF:24
end_of_record
SF:/Users/loongallday/pdeservice-spb/supabase/functions/api-leave-requests/services/leaveService.ts
FN:11,getAll
FN:77,getById
FN:98,create
FN:195,update
FN:222,delete
FN:229,approve
FN:237,reject
FN:246,cancel
FN:253,search
FNDA:0,getAll
FNDA:0,getById
FNDA:0,create
FNDA:0,update
FNDA:0,delete
FNDA:0,approve
FNDA:0,reject
FNDA:0,cancel
FNDA:0,search
FNF:9
FNH:0
BRF:0
BRH:0
DA:5,1
DA:6,1
DA:7,1
DA:10,1
DA:11,0
DA:12,0
DA:13,0
DA:15,0
DA:20,0
DA:22,0
DA:23,0
DA:24,0
DA:25,0
DA:26,0
DA:28,0
DA:29,0
DA:31,0
DA:32,0
DA:35,0
DA:36,0
DA:42,0
DA:47,0
DA:53,0
DA:54,0
DA:55,0
DA:56,0
DA:57,0
DA:58,0
DA:59,0
DA:60,0
DA:61,0
DA:62,0
DA:63,0
DA:64,0
DA:65,0
DA:66,0
DA:67,0
DA:68,0
DA:69,0
DA:70,0
DA:71,0
DA:72,0
DA:74,0
DA:75,0
DA:77,0
DA:78,0
DA:80,0
DA:85,0
DA:87,0
DA:88,0
DA:89,0
DA:90,0
DA:91,0
DA:92,0
DA:93,0
DA:95,0
DA:96,0
DA:98,0
DA:99,0
DA:103,0
DA:104,0
DA:105,0
DA:106,0
DA:109,0
DA:110,0
DA:111,0
DA:112,0
DA:113,0
DA:114,0
DA:115,0
DA:116,0
DA:118,0
DA:121,0
DA:122,0
DA:123,0
DA:124,0
DA:125,0
DA:127,0
DA:128,0
DA:129,0
DA:130,0
DA:131,0
DA:132,0
DA:133,0
DA:134,0
DA:135,0
DA:137,0
DA:138,0
DA:139,0
DA:141,0
DA:145,0
DA:146,0
DA:148,0
DA:149,0
DA:150,0
DA:151,0
DA:153,0
DA:155,0
DA:157,0
DA:158,0
DA:159,0
DA:160,0
DA:162,0
DA:163,0
DA:166,0
DA:167,0
DA:168,0
DA:169,0
DA:171,0
DA:172,0
DA:175,0
DA:179,0
DA:181,0
DA:182,0
DA:183,0
DA:184,0
DA:185,0
DA:186,0
DA:187,0
DA:188,0
DA:189,0
DA:190,0
DA:192,0
DA:193,0
DA:195,0
DA:196,0
DA:199,0
DA:200,0
DA:201,0
DA:202,0
DA:203,0
DA:204,0
DA:205,0
DA:206,0
DA:207,0
DA:209,0
DA:214,0
DA:216,0
DA:217,0
DA:219,0
DA:220,0
DA:222,0
DA:223,0
DA:224,0
DA:226,0
DA:227,0
DA:229,0
DA:230,0
DA:231,0
DA:232,0
DA:233,0
DA:234,0
DA:235,0
DA:237,0
DA:238,0
DA:239,0
DA:240,0
DA:241,0
DA:242,0
DA:243,0
DA:244,0
DA:246,0
DA:247,0
DA:248,0
DA:253,0
DA:254,0
DA:256,0
DA:257,0
DA:258,0
DA:260,0
DA:261,0
DA:262,0
DA:265,0
DA:266,0
DA:267,0
DA:268,0
DA:270,0
DA:273,0
DA:274,0
DA:281,0
DA:282,0
DA:283,0
DA:284,0
DA:285,0
DA:286,0
DA:287,0
DA:288,0
DA:289,0
DA:290,0
DA:291,0
DA:292,0
DA:293,0
DA:294,0
DA:296,0
DA:297,0
DA:298,1
LH:5
LF:196
end_of_record
SF:/Users/loongallday/pdeservice-spb/supabase/functions/api-merchandise/handlers/create.ts
FN:10,create
FNDA:2,create
FNF:1
FNH:1
BRDA:12,1,0,1
BRF:1
BRH:1
DA:5,1
DA:6,1
DA:7,1
DA:10,1
DA:12,3
DA:15,4
DA:18,4
DA:20,4
DA:21,3
LH:9
LF:9
end_of_record
SF:/Users/loongallday/pdeservice-spb/supabase/functions/api-merchandise/handlers/delete.ts
FN:10,deleteMerchandise
FNDA:2,deleteMerchandise
FNF:1
FNH:1
BRDA:12,1,0,1
BRDA:16,1,1,0
BRDA:18,1,2,1
BRF:3
BRH:2
DA:5,1
DA:6,1
DA:7,1
DA:10,1
DA:12,3
DA:15,4
DA:16,0
DA:17,0
DA:18,0
DA:21,4
DA:23,12
DA:24,3
LH:9
LF:12
end_of_record
SF:/Users/loongallday/pdeservice-spb/supabase/functions/api-merchandise/handlers/get.ts
FN:10,get
FNDA:1,get
FNF:1
FNH:1
BRDA:16,1,0,0
BRF:1
BRH:0
DA:5,1
DA:6,1
DA:7,1
DA:10,1
DA:12,2
DA:15,2
DA:16,0
DA:17,0
DA:18,0
DA:21,2
DA:23,2
DA:24,2
LH:9
LF:12
end_of_record
SF:/Users/loongallday/pdeservice-spb/supabase/functions/api-merchandise/handlers/list.ts
FN:11,list
FNDA:0,list
FNF:1
FNH:0
BRF:0
BRH:0
DA:5,1
DA:6,1
DA:7,1
DA:8,1
DA:11,0
DA:13,0
DA:16,0
DA:17,0
DA:18,0
DA:21,0
DA:23,0
DA:24,0
LH:4
LF:12
end_of_record
SF:/Users/loongallday/pdeservice-spb/supabase/functions/api-merchandise/handlers/update.ts
FN:10,update
FNDA:2,update
FNF:1
FNH:1
BRDA:12,1,0,1
BRDA:16,1,1,0
BRDA:18,1,2,1
BRF:3
BRH:2
DA:5,1
DA:6,1
DA:7,1
DA:10,1
DA:12,3
DA:15,4
DA:16,0
DA:17,0
DA:18,0
DA:21,4
DA:24,4
DA:26,4
DA:27,3
LH:10
LF:13
end_of_record
SF:/Users/loongallday/pdeservice-spb/supabase/functions/api-merchandise/services/merchandiseService.ts
FN:56,sanitizeMerchandiseData
FN:72,getAll
FN:208,getById
FN:287,getBySite
FN:297,getByModel
FN:307,create
FN:409,update
FN:507,delete
FN:531,search
FN:659,hint
FN:716,getReplacementChain
FN:880,checkDuplicateSerial
FNDA:0,sanitizeMerchandiseData
FNDA:0,getAll
FNDA:0,getById
FNDA:0,getBySite
FNDA:0,getByModel
FNDA:0,create
FNDA:0,update
FNDA:0,delete
FNDA:0,search
FNDA:0,hint
FNDA:0,getReplacementChain
FNDA:0,checkDuplicateSerial
FNF:12
FNH:0
BRF:0
BRH:0
DA:38,1
DA:39,1
DA:40,1
DA:41,1
DA:52,1
DA:56,0
DA:57,0
DA:58,0
DA:59,0
DA:60,0
DA:61,0
DA:62,0
DA:63,0
DA:64,0
DA:65,0
DA:66,0
DA:67,0
DA:72,0
DA:75,0
DA:76,0
DA:77,0
DA:80,0
DA:81,0
DA:82,0
DA:85,0
DA:86,0
DA:87,0
DA:117,0
DA:120,0
DA:121,0
DA:122,0
DA:123,0
DA:125,0
DA:126,0
DA:127,0
DA:128,0
DA:130,0
DA:131,0
DA:132,0
DA:133,0
DA:136,0
DA:138,0
DA:139,0
DA:140,0
DA:141,0
DA:143,0
DA:146,0
DA:147,0
DA:148,0
DA:149,0
DA:151,0
DA:152,0
DA:153,0
DA:154,0
DA:157,0
DA:158,0
DA:159,0
DA:162,0
DA:163,0
DA:164,0
DA:165,0
DA:166,0
DA:167,0
DA:169,0
DA:170,0
DA:171,0
DA:172,0
DA:173,0
DA:174,0
DA:175,0
DA:176,0
DA:177,0
DA:181,0
DA:182,0
DA:184,0
DA:185,0
DA:186,0
DA:187,0
DA:188,0
DA:189,0
DA:190,0
DA:191,0
DA:192,0
DA:193,0
DA:194,0
DA:195,0
DA:196,0
DA:197,0
DA:198,0
DA:200,0
DA:202,0
DA:203,0
DA:208,0
DA:209,0
DA:211,0
DA:212,0
DA:213,0
DA:243,0
DA:244,0
DA:245,0
DA:247,0
DA:248,0
DA:249,0
DA:250,0
DA:252,0
DA:253,0
DA:254,0
DA:257,0
DA:260,0
DA:261,0
DA:262,0
DA:263,0
DA:264,0
DA:265,0
DA:266,0
DA:267,0
DA:268,0
DA:270,0
DA:271,0
DA:272,0
DA:273,0
DA:274,0
DA:275,0
DA:276,0
DA:277,0
DA:278,0
DA:279,0
DA:280,0
DA:281,0
DA:282,0
DA:287,0
DA:290,0
DA:291,0
DA:292,0
DA:297,0
DA:300,0
DA:301,0
DA:302,0
DA:307,0
DA:308,0
DA:309,0
DA:312,0
DA:313,0
DA:314,0
DA:316,0
DA:317,0
DA:318,0
DA:320,0
DA:321,0
DA:322,0
DA:325,0
DA:326,0
DA:327,0
DA:328,0
DA:329,0
DA:331,0
DA:332,0
DA:333,0
DA:336,0
DA:337,0
DA:338,0
DA:339,0
DA:340,0
DA:342,0
DA:343,0
DA:344,0
DA:346,0
DA:347,0
DA:348,0
DA:349,0
DA:379,0
DA:380,0
DA:382,0
DA:383,0
DA:384,0
DA:385,0
DA:386,0
DA:387,0
DA:390,0
DA:392,0
DA:393,0
DA:394,0
DA:395,0
DA:396,0
DA:397,0
DA:398,0
DA:399,0
DA:400,0
DA:401,0
DA:402,0
DA:403,0
DA:404,0
DA:409,0
DA:410,0
DA:411,0
DA:414,0
DA:417,0
DA:418,0
DA:419,0
DA:420,0
DA:421,0
DA:422,0
DA:424,0
DA:425,0
DA:426,0
DA:427,0
DA:430,0
DA:431,0
DA:432,0
DA:433,0
DA:434,0
DA:435,0
DA:437,0
DA:438,0
DA:439,0
DA:440,0
DA:442,0
DA:443,0
DA:444,0
DA:445,0
DA:446,0
DA:476,0
DA:477,0
DA:479,0
DA:480,0
DA:481,0
DA:483,0
DA:484,0
DA:485,0
DA:488,0
DA:490,0
DA:491,0
DA:492,0
DA:493,0
DA:494,0
DA:495,0
DA:496,0
DA:497,0
DA:498,0
DA:499,0
DA:500,0
DA:501,0
DA:502,0
DA:507,0
DA:508,0
DA:511,0
DA:513,0
DA:514,0
DA:515,0
DA:516,0
DA:518,0
DA:519,0
DA:520,0
DA:521,0
DA:522,0
DA:523,0
DA:524,0
DA:531,0
DA:532,0
DA:533,0
DA:534,0
DA:535,0
DA:536,0
DA:539,0
DA:540,0
DA:541,0
DA:544,0
DA:545,0
DA:546,0
DA:576,0
DA:579,0
DA:580,0
DA:581,0
DA:582,0
DA:585,0
DA:586,0
DA:587,0
DA:588,0
DA:591,0
DA:592,0
DA:593,0
DA:596,0
DA:597,0
DA:598,0
DA:599,0
DA:601,0
DA:604,0
DA:605,0
DA:606,0
DA:609,0
DA:610,0
DA:611,0
DA:612,0
DA:613,0
DA:614,0
DA:616,0
DA:617,0
DA:618,0
DA:619,0
DA:620,0
DA:621,0
DA:622,0
DA:623,0
DA:624,0
DA:628,0
DA:629,0
DA:631,0
DA:632,0
DA:633,0
DA:634,0
DA:635,0
DA:636,0
DA:637,0
DA:638,0
DA:639,0
DA:640,0
DA:641,0
DA:642,0
DA:643,0
DA:644,0
DA:645,0
DA:647,0
DA:648,0
DA:649,0
DA:650,0
DA:651,0
DA:659,0
DA:660,0
DA:662,0
DA:663,0
DA:664,0
DA:678,0
DA:680,0
DA:682,0
DA:683,0
DA:685,0
DA:687,0
DA:688,0
DA:691,0
DA:692,0
DA:693,0
DA:695,0
DA:698,0
DA:699,0
DA:700,0
DA:701,0
DA:702,0
DA:703,0
DA:704,0
DA:705,0
DA:706,0
DA:708,0
DA:709,0
DA:716,0
DA:729,0
DA:730,0
DA:733,0
DA:734,0
DA:735,0
DA:742,0
DA:743,0
DA:744,0
DA:746,0
DA:747,0
DA:748,0
DA:751,0
DA:760,0
DA:762,0
DA:765,0
DA:766,0
DA:767,0
DA:768,0
DA:775,0
DA:776,0
DA:777,0
DA:778,0
DA:779,0
DA:782,0
DA:783,0
DA:784,0
DA:785,0
DA:792,0
DA:793,0
DA:794,0
DA:795,0
DA:796,0
DA:799,0
DA:800,0
DA:802,0
DA:803,0
DA:804,0
DA:805,0
DA:806,0
DA:807,0
DA:808,0
DA:809,0
DA:810,0
DA:811,0
DA:812,0
DA:813,0
DA:814,0
DA:815,0
DA:816,0
DA:817,0
DA:818,0
DA:819,0
DA:820,0
DA:823,0
DA:824,0
DA:826,0
DA:827,0
DA:828,0
DA:829,0
DA:830,0
DA:831,0
DA:832,0
DA:833,0
DA:834,0
DA:835,0
DA:838,0
DA:839,0
DA:841,0
DA:842,0
DA:843,0
DA:844,0
DA:845,0
DA:846,0
DA:847,0
DA:848,0
DA:849,0
DA:850,0
DA:851,0
DA:852,0
DA:853,0
DA:854,0
DA:855,0
DA:856,0
DA:857,0
DA:858,0
DA:859,0
DA:862,0
DA:863,0
DA:864,0
DA:865,0
DA:867,0
DA:869,0
DA:870,0
DA:871,0
DA:872,0
DA:873,0
DA:874,0
DA:880,0
DA:881,0
DA:883,0
DA:884,0
DA:885,0
DA:887,0
DA:888,0
DA:889,0
DA:890,0
DA:891,0
DA:893,0
DA:894,0
DA:896,0
DA:897,0
DA:898,0
DA:899,0
DA:901,0
DA:902,0
DA:903,1
LH:6
LF:470
end_of_record
SF:/Users/loongallday/pdeservice-spb/supabase/functions/api-models/handlers/checkCode.ts
FN:16,checkCodeFast
FNDA:0,checkCodeFast
FNF:1
FNH:0
BRF:0
BRH:0
DA:8,1
DA:9,1
DA:11,1
DA:12,1
DA:13,1
DA:14,1
DA:16,0
DA:17,0
DA:19,0
DA:20,0
DA:21,0
DA:23,0
DA:24,0
DA:25,0
DA:26,0
DA:27,0
DA:29,0
DA:30,0
DA:31,0
DA:34,0
DA:35,0
DA:36,0
DA:37,0
DA:38,0
DA:39,0
DA:40,0
DA:41,0
DA:42,0
DA:43,0
DA:44,0
DA:45,0
DA:46,0
DA:48,0
LH:6
LF:33
end_of_record
SF:/Users/loongallday/pdeservice-spb/supabase/functions/api-models/handlers/create.ts
FN:10,create
FNDA:0,create
FNF:1
FNH:0
BRF:0
BRH:0
DA:5,1
DA:6,1
DA:7,1
DA:10,0
DA:12,0
DA:15,0
DA:18,0
DA:20,0
DA:21,0
LH:3
LF:9
end_of_record
SF:/Users/loongallday/pdeservice-spb/supabase/functions/api-models/handlers/delete.ts
FN:10,deleteModel
FNDA:2,deleteModel
FNF:1
FNH:1
BRDA:12,1,0,1
BRF:1
BRH:1
DA:5,1
DA:6,1
DA:7,1
DA:10,1
DA:12,3
DA:15,4
DA:17,12
DA:18,3
LH:8
LF:8
end_of_record
SF:/Users/loongallday/pdeservice-spb/supabase/functions/api-models/handlers/get.ts
FN:10,get
FNDA:1,get
FNF:1
FNH:1
BRF:0
BRH:0
DA:5,1
DA:6,1
DA:7,1
DA:10,1
DA:12,2
DA:15,2
DA:17,2
DA:18,2
LH:8
LF:8
end_of_record
SF:/Users/loongallday/pdeservice-spb/supabase/functions/api-models/handlers/list.ts
FN:11,list
FNDA:0,list
FNF:1
FNH:0
BRF:0
BRH:0
DA:5,1
DA:6,1
DA:7,1
DA:8,1
DA:11,0
DA:13,0
DA:16,0
DA:17,0
DA:18,0
DA:21,0
DA:23,0
DA:24,0
LH:4
LF:12
end_of_record
SF:/Users/loongallday/pdeservice-spb/supabase/functions/api-models/handlers/update.ts
FN:10,update
FNDA:0,update
FNF:1
FNH:0
BRF:0
BRH:0
DA:5,1
DA:6,1
DA:7,1
DA:10,0
DA:12,0
DA:15,0
DA:18,0
DA:20,0
DA:21,0
LH:3
LF:9
end_of_record
SF:/Users/loongallday/pdeservice-spb/supabase/functions/api-models/services/modelService.ts
FN:55,sanitizeModelData
FN:74,getAll
FN:123,getById
FN:150,getByModel
FN:173,create
FN:201,update
FN:232,delete
FN:254,search
FN:345,getPackage
FN:416,addPackageComponent
FN:463,removePackageComponent
FN:478,addPackageService
FN:521,removePackageService
FNDA:0,sanitizeModelData
FNDA:0,getAll
FNDA:0,getById
FNDA:0,getByModel
FNDA:0,create
FNDA:0,update
FNDA:0,delete
FNDA:0,search
FNDA:0,getPackage
FNDA:0,addPackageComponent
FNDA:0,removePackageComponent
FNDA:0,addPackageService
FNDA:0,removePackageService
FNF:13
FNH:0
BRF:0
BRH:0
DA:39,1
DA:40,1
DA:41,1
DA:42,1
DA:51,1
DA:55,0
DA:56,0
DA:57,0
DA:58,0
DA:59,0
DA:60,0
DA:61,0
DA:62,0
DA:63,0
DA:64,0
DA:65,0
DA:66,0
DA:67,0
DA:68,0
DA:69,0
DA:74,0
DA:77,0
DA:78,0
DA:79,0
DA:82,0
DA:83,0
DA:84,0
DA:86,0
DA:87,0
DA:88,0
DA:91,0
DA:92,0
DA:93,0
DA:94,0
DA:97,0
DA:99,0
DA:100,0
DA:101,0
DA:103,0
DA:106,0
DA:107,0
DA:108,0
DA:109,0
DA:111,0
DA:112,0
DA:113,0
DA:115,0
DA:117,0
DA:118,0
DA:123,0
DA:124,0
DA:126,0
DA:127,0
DA:128,0
DA:129,0
DA:130,0
DA:132,0
DA:134,0
DA:135,0
DA:136,0
DA:137,0
DA:138,0
DA:140,0
DA:141,0
DA:142,0
DA:144,0
DA:145,0
DA:150,0
DA:151,0
DA:153,0
DA:154,0
DA:155,0
DA:156,0
DA:157,0
DA:159,0
DA:160,0
DA:161,0
DA:163,0
DA:164,0
DA:165,0
DA:167,0
DA:168,0
DA:173,0
DA:174,0
DA:175,0
DA:178,0
DA:179,0
DA:180,0
DA:182,0
DA:183,0
DA:184,0
DA:185,0
DA:186,0
DA:188,0
DA:189,0
DA:190,0
DA:191,0
DA:192,0
DA:193,0
DA:195,0
DA:196,0
DA:201,0
DA:202,0
DA:203,0
DA:206,0
DA:208,0
DA:209,0
DA:210,0
DA:211,0
DA:212,0
DA:213,0
DA:215,0
DA:216,0
DA:217,0
DA:218,0
DA:219,0
DA:220,0
DA:222,0
DA:223,0
DA:224,0
DA:226,0
DA:227,0
DA:232,0
DA:233,0
DA:236,0
DA:238,0
DA:239,0
DA:240,0
DA:241,0
DA:243,0
DA:244,0
DA:245,0
DA:246,0
DA:247,0
DA:248,0
DA:249,0
DA:254,0
DA:262,0
DA:263,0
DA:264,0
DA:267,0
DA:268,0
DA:269,0
DA:270,0
DA:271,0
DA:272,0
DA:273,0
DA:274,0
DA:275,0
DA:278,0
DA:279,0
DA:280,0
DA:283,0
DA:284,0
DA:285,0
DA:286,0
DA:287,0
DA:288,0
DA:289,0
DA:290,0
DA:291,0
DA:294,0
DA:295,0
DA:296,0
DA:298,0
DA:299,0
DA:301,0
DA:302,0
DA:303,0
DA:306,0
DA:307,0
DA:308,0
DA:311,0
DA:312,0
DA:313,0
DA:314,0
DA:315,0
DA:316,0
DA:317,0
DA:318,0
DA:319,0
DA:322,0
DA:323,0
DA:324,0
DA:326,0
DA:327,0
DA:328,0
DA:330,0
DA:332,0
DA:333,0
DA:334,0
DA:335,0
DA:336,0
DA:345,0
DA:349,0
DA:350,0
DA:353,0
DA:356,0
DA:357,0
DA:358,0
DA:375,0
DA:376,0
DA:377,0
DA:379,0
DA:382,0
DA:383,0
DA:384,0
DA:400,0
DA:401,0
DA:402,0
DA:404,0
DA:406,0
DA:407,0
DA:408,0
DA:409,0
DA:410,0
DA:411,0
DA:416,0
DA:417,0
DA:420,0
DA:423,0
DA:425,0
DA:426,0
DA:427,0
DA:428,0
DA:444,0
DA:445,0
DA:447,0
DA:448,0
DA:449,0
DA:450,0
DA:451,0
DA:452,0
DA:453,0
DA:454,0
DA:455,0
DA:457,0
DA:458,0
DA:463,0
DA:464,0
DA:466,0
DA:467,0
DA:468,0
DA:469,0
DA:470,0
DA:472,0
DA:473,0
DA:478,0
DA:479,0
DA:482,0
DA:484,0
DA:485,0
DA:486,0
DA:487,0
DA:502,0
DA:503,0
DA:505,0
DA:506,0
DA:507,0
DA:508,0
DA:509,0
DA:510,0
DA:511,0
DA:512,0
DA:513,0
DA:515,0
DA:516,0
DA:521,0
DA:522,0
DA:524,0
DA:525,0
DA:526,0
DA:527,0
DA:528,0
DA:530,0
DA:531,0
DA:533,1
LH:6
LF:277
end_of_record
SF:/Users/loongallday/pdeservice-spb/supabase/functions/api-notifications/handlers/get.ts
FN:21,getNotifications
FNDA:3,getNotifications
FNF:1
FNH:1
BRDA:26,1,0,1
BRDA:26,1,1,2
BRDA:51,1,2,0
BRF:3
BRH:2
DA:5,1
DA:6,1
DA:7,1
DA:8,1
DA:9,1
DA:21,1
DA:22,4
DA:23,4
DA:24,4
DA:25,4
DA:26,4
DA:28,4
DA:29,4
DA:30,4
DA:31,4
DA:32,4
DA:33,4
DA:37,4
DA:38,4
DA:39,4
DA:40,4
DA:41,4
DA:42,4
DA:43,4
DA:44,4
DA:45,4
DA:46,4
DA:47,4
DA:48,4
DA:49,4
DA:51,0
DA:52,0
DA:53,0
DA:54,0
DA:55,4
LH:31
LF:35
end_of_record
SF:/Users/loongallday/pdeservice-spb/supabase/functions/api-notifications/handlers/markAsRead.ts
FN:22,markAsRead
FNDA:2,markAsRead
FNF:1
FNH:1
BRDA:32,1,0,0
BRF:1
BRH:0
DA:5,1
DA:6,1
DA:7,1
DA:8,1
DA:22,1
DA:23,3
DA:24,3
DA:26,3
DA:27,3
DA:28,3
DA:31,3
DA:32,0
DA:33,0
DA:34,0
DA:35,0
DA:36,3
LH:12
LF:16
end_of_record
SF:/Users/loongallday/pdeservice-spb/supabase/functions/api-package-services/handlers/create.ts
FN:12,create
FNDA:4,create
FNF:1
FNH:1
BRDA:14,1,0,3
BRDA:27,1,1,1
BRDA:28,1,2,1
BRDA:29,1,3,1
BRDA:30,1,4,1
BRDA:31,1,5,1
BRDA:35,1,6,1
BRF:7
BRH:7
DA:5,1
DA:6,1
DA:7,1
DA:8,1
DA:9,1
DA:12,1
DA:14,5
DA:17,8
DA:20,8
DA:21,8
DA:24,8
DA:25,8
DA:26,8
DA:27,5
DA:28,5
DA:29,5
DA:30,5
DA:31,5
DA:32,5
DA:35,5
DA:37,6
DA:38,5
LH:22
LF:22
end_of_record
SF:/Users/loongallday/pdeservice-spb/supabase/functions/api-package-services/handlers/delete.ts
FN:11,deletePackageService
FNDA:3,deletePackageService
FNF:1
FNH:1
BRDA:13,1,0,2
BRDA:19,1,1,1
BRF:2
BRH:2
DA:5,1
DA:6,1
DA:7,1
DA:8,1
DA:11,1
DA:13,4
DA:16,6
DA:19,6
DA:21,15
DA:22,4
LH:10
LF:10
end_of_record
SF:/Users/loongallday/pdeservice-spb/supabase/functions/api-package-services/handlers/getById.ts
FN:11,getById
FNDA:2,getById
FNF:1
FNH:1
BRDA:19,1,0,1
BRF:1
BRH:1
DA:5,1
DA:6,1
DA:7,1
DA:8,1
DA:11,1
DA:13,3
DA:16,3
DA:19,3
DA:21,4
DA:22,3
LH:10
LF:10
end_of_record
SF:/Users/loongallday/pdeservice-spb/supabase/functions/api-package-services/handlers/list.ts
FN:11,list
FNDA:0,list
FNF:1
FNH:0
BRF:0
BRH:0
DA:5,1
DA:6,1
DA:7,1
DA:8,1
DA:11,0
DA:13,0
DA:16,0
DA:17,0
DA:18,0
DA:19,0
DA:20,0
DA:21,0
DA:24,0
DA:26,0
DA:27,0
LH:4
LF:15
end_of_record
SF:/Users/loongallday/pdeservice-spb/supabase/functions/api-package-services/handlers/update.ts
FN:12,update
FNDA:4,update
FNF:1
FNH:1
BRDA:14,1,0,3
BRDA:20,1,1,2
BRDA:25,1,2,0
BRDA:25,1,3,2
BRDA:26,1,4,1
BRDA:26,1,5,2
BRDA:27,1,6,0
BRDA:27,1,7,2
BRDA:28,1,8,0
BRDA:28,1,9,2
BRDA:29,1,10,0
BRDA:29,1,11,2
BRDA:30,1,12,0
BRDA:30,1,13,2
BRDA:31,1,14,0
BRDA:31,1,15,2
BRDA:34,1,16,1
BRF:17
BRH:11
DA:5,1
DA:6,1
DA:7,1
DA:8,1
DA:9,1
DA:12,1
DA:14,5
DA:17,8
DA:20,8
DA:23,7
DA:25,0
DA:26,5
DA:27,0
DA:28,0
DA:29,0
DA:30,0
DA:31,0
DA:34,5
DA:35,6
DA:36,6
DA:39,6
DA:41,6
DA:42,5
LH:17
LF:23
end_of_record
SF:/Users/loongallday/pdeservice-spb/supabase/functions/api-package-services/services/packageServiceService.ts
FN:14,<static_initializer>
FN:27,sanitize
FN:40,getAll
FN:105,getById
FN:127,create
FN:150,update
FN:181,delete
FNDA:1,<static_initializer>
FNDA:0,sanitize
FNDA:0,getAll
FNDA:0,getById
FNDA:0,create
FNDA:0,update
FNDA:0,delete
FNF:7
FNH:1
BRF:0
BRH:0
DA:5,1
DA:6,1
DA:7,1
DA:10,1
DA:14,1
DA:15,2
DA:16,2
DA:17,2
DA:18,2
DA:19,2
DA:20,2
[...]
DA:1409,0
DA:1410,0
DA:1412,0
DA:1413,0
DA:1414,0
DA:1415,0
DA:1416,0
DA:1418,0
DA:1419,0
DA:1420,0
DA:1421,0
DA:1422,0
DA:1423,0
DA:1424,0
DA:1425,0
DA:1428,0
DA:1429,0
DA:1430,0
DA:1431,0
DA:1432,0
DA:1433,0
DA:1436,0
DA:1437,0
DA:1438,0
DA:1439,0
DA:1440,0
DA:1441,0
DA:1442,0
DA:1443,0
DA:1444,0
DA:1445,0
DA:1446,0
DA:1447,0
DA:1448,0
DA:1449,0
DA:1450,0
DA:1454,0
DA:1455,0
DA:1458,0
DA:1460,0
DA:1461,0
DA:1462,0
DA:1463,0
DA:1465,0
DA:1467,0
DA:1468,0
DA:1469,0
DA:1470,0
DA:1471,0
DA:1472,0
DA:1473,0
DA:1474,0
DA:1475,0
DA:1476,0
DA:1477,0
DA:1478,0
DA:1479,0
DA:1482,0
DA:1483,0
DA:1484,0
DA:1485,0
DA:1486,0
DA:1487,0
DA:1488,0
DA:1489,0
DA:1490,0
DA:1493,0
DA:1494,0
DA:1495,0
DA:1496,0
DA:1497,0
DA:1498,0
DA:1499,0
DA:1500,0
DA:1503,0
DA:1504,0
DA:1505,0
DA:1506,0
DA:1507,0
DA:1508,0
DA:1509,0
DA:1510,0
DA:1512,0
DA:1513,0
DA:1514,0
DA:1515,0
DA:1518,0
DA:1519,0
DA:1528,0
DA:1529,0
DA:1530,0
DA:1531,0
DA:1532,0
DA:1534,0
DA:1537,0
DA:1538,0
DA:1539,0
DA:1542,0
DA:1543,0
DA:1544,0
DA:1547,0
DA:1548,0
DA:1549,0
DA:1550,0
DA:1551,0
DA:1552,0
DA:1553,0
DA:1555,0
DA:1556,0
DA:1557,0
DA:1558,0
DA:1559,0
DA:1560,0
DA:1562,0
DA:1563,0
DA:1564,0
DA:1567,0
DA:1568,0
DA:1569,0
DA:1570,0
DA:1571,0
DA:1572,0
DA:1574,0
DA:1575,0
DA:1576,0
DA:1577,0
DA:1579,0
DA:1582,0
DA:1583,0
DA:1586,0
DA:1587,0
DA:1588,0
DA:1589,0
DA:1590,0
DA:1592,0
DA:1593,0
DA:1594,0
DA:1597,0
DA:1598,0
DA:1599,0
DA:1600,0
DA:1602,0
DA:1603,0
DA:1604,0
DA:1605,0
DA:1607,0
DA:1608,0
DA:1611,0
DA:1612,0
DA:1613,0
DA:1614,0
DA:1615,0
DA:1618,0
DA:1619,0
DA:1620,0
DA:1621,0
DA:1622,0
DA:1624,0
DA:1625,0
DA:1627,0
DA:1628,0
DA:1631,0
DA:1632,0
DA:1633,0
DA:1634,0
DA:1636,0
DA:1637,0
DA:1638,0
DA:1641,0
DA:1642,0
DA:1643,0
DA:1644,0
DA:1645,0
DA:1646,0
DA:1647,0
DA:1648,0
DA:1649,0
DA:1650,0
DA:1653,0
DA:1654,0
DA:1655,0
DA:1656,0
DA:1657,0
DA:1658,0
DA:1660,0
DA:1661,0
DA:1662,0
DA:1663,0
DA:1664,0
DA:1665,0
DA:1666,0
DA:1667,0
LH:9
LF:1225
end_of_record
SF:/Users/loongallday/pdeservice-spb/supabase/functions/api-tickets/services/ticketDisplayTypes.ts
FN:193,formatAppointmentTypeDisplay
FN:231,normalizeAppointmentType
FNDA:0,formatAppointmentTypeDisplay
FNDA:0,normalizeAppointmentType
FNF:2
FNH:0
BRF:0
BRH:0
DA:193,0
DA:194,0
DA:195,0
DA:196,0
DA:198,0
DA:200,0
DA:201,0
DA:202,0
DA:203,0
DA:205,0
DA:206,0
DA:207,0
DA:208,0
DA:209,0
DA:210,0
DA:211,0
DA:212,0
DA:213,0
DA:214,0
DA:215,0
DA:216,0
DA:217,0
DA:218,0
DA:219,0
DA:220,0
DA:221,0
DA:222,0
DA:223,0
DA:224,0
DA:225,0
DA:226,0
DA:231,0
DA:232,0
DA:234,0
DA:236,0
DA:237,0
DA:238,0
DA:239,0
DA:240,0
DA:241,0
DA:242,0
DA:243,0
DA:244,0
DA:245,0
DA:246,0
DA:247,0
DA:248,0
LH:0
LF:47
end_of_record
SF:/Users/loongallday/pdeservice-spb/supabase/functions/api-tickets/services/ticketHelperService.ts
FN:69,logTicketAudit
FN:125,linkMerchandiseToTicket
FNDA:0,logTicketAudit
FNDA:0,linkMerchandiseToTicket
FNF:2
FNH:0
BRF:0
BRH:0
DA:44,3
DA:45,3
DA:46,3
DA:69,0
DA:77,0
DA:78,0
DA:79,0
DA:81,0
DA:82,0
DA:83,0
DA:84,0
DA:85,0
DA:86,0
DA:87,0
DA:88,0
DA:89,0
DA:91,0
DA:92,0
DA:93,0
DA:94,0
DA:95,0
DA:97,0
DA:99,0
DA:100,0
DA:101,0
DA:103,0
DA:107,0
DA:108,0
DA:109,0
DA:110,0
DA:111,0
DA:112,0
DA:113,0
DA:114,0
DA:115,0
DA:116,0
DA:117,0
DA:119,0
DA:120,0
DA:125,0
DA:126,0
DA:127,0
DA:130,0
DA:131,0
DA:132,0
DA:133,0
DA:134,0
DA:135,0
DA:137,0
DA:138,0
DA:139,0
DA:140,0
DA:141,0
DA:142,0
DA:145,0
DA:146,0
DA:147,0
DA:148,0
DA:151,0
DA:152,0
DA:153,0
DA:154,0
DA:155,0
DA:156,0
DA:157,0
DA:160,0
DA:161,0
DA:162,0
DA:163,0
DA:164,0
DA:165,0
DA:166,0
LH:3
LF:72
end_of_record
SF:/Users/loongallday/pdeservice-spb/supabase/functions/api-tickets/services/ticketSearchService.ts
FN:95,getById
FN:259,createTicketDisplayItem
FN:465,createDisplayItemFromFastResult
FN:559,search
FN:814,searchByDuration
FNDA:0,getById
FNDA:0,createTicketDisplayItem
FNDA:0,createDisplayItemFromFastResult
FNDA:0,search
FNDA:0,searchByDuration
FNF:5
FNH:0
BRF:0
BRH:0
DA:34,2
DA:35,2
DA:36,2
DA:48,2
DA:49,2
DA:50,2
DA:51,2
DA:52,2
DA:95,0
DA:96,0
DA:100,0
DA:101,0
DA:102,0
DA:154,0
DA:155,0
DA:156,0
DA:158,0
DA:159,0
DA:160,0
DA:161,0
DA:162,0
DA:163,0
DA:165,0
DA:166,0
DA:167,0
DA:170,0
DA:171,0
DA:172,0
DA:173,0
DA:174,0
DA:175,0
DA:176,0
DA:179,0
DA:180,0
DA:181,0
DA:182,0
DA:183,0
DA:184,0
DA:185,0
DA:186,0
DA:187,0
DA:188,0
DA:189,0
DA:190,0
DA:193,0
DA:194,0
DA:195,0
DA:202,0
DA:203,0
DA:204,0
DA:205,0
DA:206,0
DA:207,0
DA:208,0
DA:209,0
DA:212,0
DA:213,0
DA:214,0
DA:215,0
DA:216,0
DA:217,0
DA:218,0
DA:219,0
DA:220,0
DA:221,0
DA:222,0
DA:224,0
DA:225,0
DA:226,0
DA:227,0
DA:228,0
DA:229,0
DA:230,0
DA:231,0
DA:238,0
DA:239,0
DA:240,0
DA:241,0
DA:242,0
DA:243,0
DA:244,0
DA:245,0
DA:246,0
DA:247,0
DA:248,0
DA:249,0
DA:250,0
DA:251,0
DA:252,0
DA:253,0
DA:254,0
DA:259,0
DA:260,0
DA:261,0
DA:262,0
DA:264,0
DA:265,0
DA:266,0
DA:267,0
DA:268,0
DA:277,0
DA:278,0
DA:288,0
DA:289,0
DA:290,0
DA:291,0
DA:296,0
DA:303,0
DA:304,0
DA:305,0
DA:306,0
DA:307,0
DA:308,0
DA:309,0
DA:310,0
DA:311,0
DA:312,0
DA:313,0
DA:316,0
DA:317,0
DA:318,0
DA:319,0
DA:323,0
DA:330,0
DA:331,0
DA:332,0
DA:333,0
DA:334,0
DA:335,0
DA:336,0
DA:337,0
DA:338,0
DA:339,0
DA:340,0
DA:343,0
DA:344,0
DA:345,0
DA:346,0
DA:352,0
DA:353,0
DA:354,0
DA:355,0
DA:356,0
DA:357,0
DA:358,0
DA:359,0
DA:360,0
DA:363,0
DA:364,0
DA:365,0
DA:368,0
DA:369,0
DA:370,0
DA:371,0
DA:372,0
DA:373,0
DA:374,0
DA:375,0
DA:378,0
DA:379,0
DA:380,0
DA:381,0
DA:382,0
DA:383,0
DA:384,0
DA:385,0
DA:386,0
DA:387,0
DA:388,0
DA:389,0
DA:390,0
DA:391,0
DA:392,0
DA:394,0
DA:395,0
DA:398,0
DA:399,0
DA:400,0
DA:401,0
DA:404,0
DA:405,0
DA:406,0
DA:407,0
DA:408,0
DA:409,0
DA:410,0
DA:411,0
DA:414,0
DA:417,0
DA:420,0
DA:421,0
DA:424,0
DA:425,0
DA:428,0
DA:429,0
DA:430,0
DA:433,0
DA:434,0
DA:437,0
DA:440,0
DA:441,0
DA:442,0
DA:445,0
DA:446,0
DA:447,0
DA:448,0
DA:449,0
DA:450,0
DA:451,0
DA:452,0
DA:453,0
DA:454,0
DA:455,0
DA:457,0
DA:458,0
DA:465,0
DA:467,0
DA:468,0
DA:469,0
DA:470,0
DA:471,0
DA:472,0
DA:473,0
DA:474,0
DA:475,0
DA:477,0
DA:478,0
DA:479,0
DA:480,0
DA:481,0
DA:482,0
DA:483,0
DA:484,0
DA:485,0
DA:486,0
DA:489,0
DA:490,0
DA:491,0
DA:492,0
DA:493,0
DA:494,0
DA:495,0
DA:496,0
DA:497,0
DA:498,0
DA:499,0
DA:501,0
DA:502,0
DA:505,0
DA:506,0
DA:507,0
DA:508,0
DA:509,0
DA:511,0
DA:512,0
DA:513,0
DA:514,0
DA:515,0
DA:516,0
DA:517,0
DA:518,0
DA:519,0
DA:520,0
DA:521,0
DA:522,0
DA:523,0
DA:524,0
DA:525,0
DA:526,0
DA:527,0
DA:528,0
DA:529,0
DA:530,0
DA:531,0
DA:532,0
DA:533,0
DA:534,0
DA:535,0
DA:536,0
DA:537,0
DA:538,0
DA:539,0
DA:540,0
DA:541,0
DA:542,0
DA:543,0
DA:544,0
DA:545,0
DA:546,0
DA:547,0
DA:548,0
DA:549,0
DA:550,0
DA:559,0
DA:586,0
DA:587,0
DA:588,0
DA:591,0
DA:592,0
DA:593,0
DA:594,0
DA:595,0
DA:596,0
DA:598,0
DA:599,0
DA:600,0
DA:601,0
DA:603,0
DA:606,0
DA:607,0
DA:608,0
DA:609,0
DA:610,0
DA:611,0
DA:612,0
DA:615,0
DA:616,0
DA:617,0
DA:620,0
DA:621,0
DA:623,0
DA:625,0
DA:628,0
DA:631,0
DA:632,0
DA:635,0
DA:636,0
DA:637,0
DA:638,0
DA:639,0
DA:640,0
DA:642,0
DA:643,0
DA:644,0
DA:645,0
DA:647,0
DA:650,0
DA:651,0
DA:652,0
DA:653,0
DA:654,0
DA:655,0
DA:656,0
DA:658,0
DA:659,0
DA:660,0
DA:661,0
DA:662,0
DA:663,0
DA:664,0
DA:665,0
DA:666,0
DA:667,0
DA:668,0
DA:669,0
DA:670,0
DA:671,0
DA:672,0
DA:673,0
DA:674,0
DA:675,0
DA:676,0
DA:677,0
DA:679,0
DA:680,0
DA:681,0
DA:682,0
DA:685,0
DA:686,0
DA:687,0
DA:688,0
DA:689,0
DA:690,0
DA:693,0
DA:696,0
DA:698,0
DA:699,0
DA:700,0
DA:701,0
DA:702,0
DA:705,0
DA:706,0
DA:707,0
DA:768,0
DA:769,0
DA:771,0
DA:772,0
DA:773,0
DA:776,0
DA:777,0
DA:780,0
DA:781,0
DA:788,0
DA:789,0
DA:790,0
DA:791,0
DA:792,0
DA:793,0
DA:794,0
DA:797,0
DA:800,0
DA:801,0
DA:802,0
DA:804,0
DA:805,0
DA:806,0
DA:807,0
DA:808,0
DA:814,0
DA:823,0
DA:824,0
DA:825,0
DA:828,0
DA:831,0
DA:832,0
DA:833,0
DA:834,0
DA:835,0
DA:836,0
DA:837,0
DA:838,0
DA:839,0
DA:840,0
DA:841,0
DA:842,0
DA:843,0
DA:844,0
DA:845,0
DA:846,0
DA:847,0
DA:848,0
DA:849,0
DA:850,0
DA:852,0
DA:853,0
DA:854,0
DA:855,0
DA:858,0
DA:859,0
DA:860,0
DA:861,0
DA:862,0
DA:863,0
DA:866,0
DA:869,0
DA:871,0
DA:872,0
DA:873,0
DA:874,0
DA:875,0
LH:8
LF:450
end_of_record
SF:/Users/loongallday/pdeservice-spb/supabase/functions/api-tickets/services/ticketService.ts
FN:109,getById
FN:114,search
FN:141,searchByDuration
FN:155,create
FN:159,update
FN:163,deleteTicket
FN:170,removeTicketEmployee
FNDA:0,getById
FNDA:0,search
FNDA:0,searchByDuration
FNDA:0,create
FNDA:0,update
FNDA:0,deleteTicket
FNDA:0,removeTicketEmployee
FNF:7
FNH:0
BRF:0
BRH:0
DA:44,2
DA:45,2
DA:46,2
DA:47,2
DA:48,2
DA:50,2
DA:51,2
DA:52,2
DA:53,2
DA:54,2
DA:55,2
DA:57,2
DA:58,2
DA:59,2
DA:82,2
DA:83,2
DA:84,2
DA:85,2
DA:89,2
DA:90,2
DA:91,2
DA:92,2
DA:93,2
DA:97,2
DA:98,2
DA:107,2
DA:109,0
DA:110,0
DA:111,0
DA:114,0
DA:137,0
DA:138,0
DA:139,0
DA:141,0
DA:150,0
DA:151,0
DA:152,0
DA:155,0
DA:156,0
DA:157,0
DA:159,0
DA:160,0
DA:161,0
DA:163,0
DA:166,0
DA:167,0
DA:168,0
DA:170,0
DA:171,0
DA:172,0
DA:173,0
DA:174,0
DA:175,0
DA:176,0
DA:177,0
DA:178,2
LH:27
LF:56
end_of_record
SF:/Users/loongallday/pdeservice-spb/supabase/functions/api-tickets/services/watcherService.ts
FN:52,addWatcher
FN:96,removeWatcher
FN:114,getWatchers
FN:156,getWatcherIds
FN:175,isWatching
FN:197,addAutoWatchers
FNDA:0,addWatcher
FNDA:0,removeWatcher
FNDA:0,getWatchers
FNDA:0,getWatcherIds
FNDA:0,isWatching
FNDA:0,addAutoWatchers
FNF:6
FNH:0
BRF:0
BRH:0
DA:26,4
DA:27,4
DA:47,4
DA:52,0
DA:53,0
DA:54,0
DA:55,0
DA:56,0
DA:57,0
DA:58,0
DA:61,0
DA:62,0
DA:63,0
DA:64,0
DA:65,0
DA:67,0
DA:68,0
DA:69,0
DA:72,0
DA:73,0
DA:74,0
DA:75,0
DA:76,0
DA:77,0
DA:78,0
DA:79,0
DA:80,0
DA:81,0
DA:82,0
DA:83,0
DA:84,0
DA:87,0
DA:88,0
DA:89,0
DA:90,0
DA:91,0
DA:96,0
DA:97,0
DA:99,0
DA:100,0
DA:101,0
DA:102,0
DA:103,0
DA:105,0
DA:106,0
DA:107,0
DA:108,0
DA:109,0
DA:114,0
DA:115,0
DA:117,0
DA:118,0
DA:119,0
DA:133,0
DA:134,0
DA:135,0
DA:137,0
DA:138,0
DA:139,0
DA:140,0
DA:142,0
DA:143,0
DA:144,0
DA:145,0
DA:146,0
DA:147,0
DA:148,0
DA:149,0
DA:150,0
DA:151,0
DA:156,0
DA:157,0
DA:159,0
DA:160,0
DA:161,0
DA:162,0
DA:164,0
DA:165,0
DA:166,0
DA:167,0
DA:169,0
DA:170,0
DA:175,0
DA:176,0
DA:178,0
DA:179,0
DA:180,0
DA:181,0
DA:182,0
DA:183,0
DA:185,0
DA:186,0
DA:187,0
DA:188,0
DA:190,0
DA:191,0
DA:197,0
DA:198,0
DA:199,0
DA:200,0
DA:201,0
DA:202,0
DA:204,0
DA:209,0
DA:212,0
DA:215,0
DA:216,0
DA:217,0
DA:218,0
DA:219,0
DA:220,0
DA:221,0
DA:222,0
DA:223,0
DA:226,0
DA:227,0
DA:228,0
DA:229,0
DA:230,0
DA:231,0
DA:232,0
DA:233,0
DA:234,0
DA:237,0
DA:238,0
DA:239,0
DA:242,0
DA:243,0
DA:245,0
DA:246,0
DA:247,0
DA:249,0
DA:250,0
DA:251,0
DA:252,0
DA:253,0
DA:254,0
DA:255,0
DA:256,0
DA:257,0
DA:258,0
DA:259,0
DA:260,0
DA:261,0
DA:263,0
DA:265,0
DA:266,0
DA:267,0
DA:268,0
DA:269,0
DA:270,0
DA:272,0
DA:274,0
DA:275,0
DA:276,0
DA:277,4
LH:4
LF:156
end_of_record
SF:/Users/loongallday/pdeservice-spb/supabase/functions/api-todos/handlers/todos.ts
FN:14,listTodos
FN:49,getTodo
FN:61,createTodo
FN:83,updateTodo
FN:105,deleteTodo
FN:117,completeTodo
FN:129,reopenTodo
FNDA:1,listTodos
FNDA:2,getTodo
FNDA:2,createTodo
FNDA:3,updateTodo
FNDA:3,deleteTodo
FNDA:2,completeTodo
FNDA:2,reopenTodo
FNF:7
FNH:7
BRDA:25,1,0,0
BRDA:53,2,0,1
BRDA:62,3,0,1
BRDA:67,3,1,0
BRDA:69,3,2,0
BRDA:72,3,3,1
BRDA:75,3,4,1
BRDA:84,4,0,2
BRDA:87,4,1,1
BRDA:91,4,2,0
BRDA:91,4,3,1
BRDA:92,4,4,0
BRDA:92,4,5,1
BRDA:93,4,6,0
BRDA:93,4,7,1
BRDA:94,4,8,0
BRDA:94,4,9,1
BRDA:95,4,10,0
BRDA:95,4,11,1
BRDA:106,5,0,2
BRDA:109,5,1,1
BRDA:121,6,0,1
BRDA:133,7,0,1
BRF:23
BRH:15
DA:5,1
DA:6,1
DA:7,1
DA:8,1
DA:14,1
DA:15,2
DA:17,2
DA:18,2
DA:20,2
DA:21,2
DA:22,2
DA:23,2
DA:24,2
DA:25,0
DA:26,0
DA:27,0
DA:28,2
DA:29,2
DA:30,2
DA:31,2
DA:32,2
DA:33,2
DA:34,2
DA:36,2
DA:38,2
DA:39,2
DA:40,2
DA:41,2
DA:42,2
DA:43,2
DA:44,2
DA:49,1
DA:50,3
DA:51,3
DA:53,3
DA:55,4
DA:56,3
DA:61,1
DA:62,3
DA:64,4
DA:66,4
DA:67,0
DA:68,3
DA:69,0
DA:70,3
DA:71,3
DA:72,3
DA:73,3
DA:75,3
DA:77,4
DA:78,3
DA:83,1
DA:84,4
DA:85,6
DA:87,6
DA:89,5
DA:90,5
DA:91,0
DA:92,0
DA:93,0
DA:94,0
DA:95,0
DA:97,5
DA:99,5
DA:100,4
DA:105,1
DA:106,4
DA:107,6
DA:109,6
DA:111,15
DA:112,4
DA:117,1
DA:118,3
DA:119,3
DA:121,3
DA:123,4
DA:124,3
DA:129,1
DA:130,3
DA:131,3
DA:133,3
DA:135,4
DA:136,3
LH:73
LF:83
end_of_record
SF:/Users/loongallday/pdeservice-spb/supabase/functions/api-todos/services/todoService.ts
FN:67,validateInput
FN:95,transformToTodoInfo
FN:134,getSelectQuery
FN:162,list
FN:228,getById
FN:257,create
FN:287,update
FN:337,delete
FN:364,complete
FN:405,reopen
FNDA:0,validateInput
FNDA:0,transformToTodoInfo
FNDA:0,getSelectQuery
FNDA:0,list
FNDA:0,getById
FNDA:0,create
FNDA:0,update
FNDA:0,delete
FNDA:0,complete
FNDA:0,reopen
FNF:10
FNH:0
BRF:0
BRH:0
DA:5,1
DA:6,1
DA:63,1
DA:67,0
DA:68,0
DA:69,0
DA:70,0
DA:72,0
DA:73,0
DA:74,0
DA:76,0
DA:77,0
DA:78,0
DA:79,0
DA:80,0
DA:81,0
DA:83,0
DA:84,0
DA:85,0
DA:87,0
DA:88,0
DA:89,0
DA:90,0
DA:95,0
DA:96,0
DA:97,0
DA:98,0
DA:100,0
DA:101,0
DA:102,0
DA:103,0
DA:104,0
DA:105,0
DA:106,0
DA:107,0
DA:108,0
DA:109,0
DA:110,0
DA:111,0
DA:112,0
DA:113,0
DA:114,0
DA:115,0
DA:116,0
DA:117,0
DA:118,0
DA:119,0
DA:120,0
DA:121,0
DA:122,0
DA:123,0
DA:124,0
DA:125,0
DA:126,0
DA:127,0
DA:128,0
DA:129,0
DA:134,0
DA:135,0
DA:156,0
DA:157,0
DA:162,0
DA:163,0
DA:164,0
DA:165,0
DA:166,0
DA:167,0
DA:168,0
DA:170,0
DA:171,0
DA:172,0
DA:176,0
DA:177,0
DA:178,0
DA:181,0
DA:182,0
DA:183,0
DA:184,0
DA:185,0
DA:186,0
DA:187,0
DA:188,0
DA:189,0
DA:190,0
DA:191,0
DA:192,0
DA:193,0
DA:194,0
DA:195,0
DA:196,0
DA:197,0
DA:198,0
DA:199,0
DA:200,0
DA:201,0
DA:202,0
DA:203,0
DA:204,0
DA:207,0
DA:208,0
DA:209,0
DA:210,0
DA:212,0
DA:214,0
DA:215,0
DA:216,0
DA:217,0
DA:219,0
DA:220,0
DA:221,0
DA:222,0
DA:223,0
DA:228,0
DA:229,0
DA:230,0
DA:231,0
DA:232,0
DA:233,0
DA:235,0
DA:236,0
DA:237,0
DA:238,0
DA:239,0
DA:241,0
DA:242,0
DA:243,0
DA:246,0
DA:247,0
DA:248,0
DA:249,0
DA:251,0
DA:252,0
DA:257,0
DA:258,0
DA:260,0
DA:262,0
DA:263,0
DA:264,0
DA:265,0
DA:266,0
DA:267,0
DA:268,0
DA:269,0
DA:270,0
DA:271,0
DA:272,0
DA:273,0
DA:274,0
DA:276,0
DA:277,0
DA:278,0
DA:279,0
DA:281,0
DA:282,0
DA:287,0
DA:288,0
DA:289,0
DA:290,0
DA:291,0
DA:292,0
DA:293,0
DA:295,0
DA:298,0
DA:299,0
DA:300,0
DA:301,0
DA:303,0
DA:304,0
DA:305,0
DA:307,0
DA:308,0
DA:309,0
DA:310,0
DA:311,0
DA:312,0
DA:315,0
DA:316,0
DA:317,0
DA:319,0
DA:320,0
DA:321,0
DA:322,0
DA:323,0
DA:324,0
DA:326,0
DA:327,0
DA:328,0
DA:329,0
DA:331,0
DA:332,0
DA:337,0
DA:338,0
DA:339,0
DA:340,0
DA:341,0
DA:342,0
DA:345,0
DA:346,0
DA:347,0
DA:348,0
DA:350,0
DA:351,0
DA:352,0
DA:353,0
DA:355,0
DA:356,0
DA:357,0
DA:358,0
DA:359,0
DA:364,0
DA:365,0
DA:366,0
DA:367,0
DA:368,0
DA:369,0
DA:372,0
DA:375,0
DA:376,0
DA:377,0
DA:379,0
DA:380,0
DA:381,0
DA:383,0
DA:384,0
DA:385,0
DA:386,0
DA:387,0
DA:388,0
DA:389,0
DA:390,0
DA:391,0
DA:392,0
DA:394,0
DA:395,0
DA:396,0
DA:397,0
DA:399,0
DA:400,0
DA:405,0
DA:406,0
DA:407,0
DA:408,0
DA:409,0
DA:410,0
DA:413,0
DA:416,0
DA:417,0
DA:418,0
DA:420,0
DA:421,0
DA:422,0
DA:424,0
DA:425,0
DA:426,0
DA:427,0
DA:428,0
DA:429,0
DA:430,0
DA:431,0
DA:432,0
DA:433,0
DA:434,0
DA:436,0
DA:437,0
DA:438,0
DA:439,0
DA:441,0
DA:442,0
DA:443,1
LH:4
LF:269
end_of_record
SF:/Users/loongallday/pdeservice-spb/tests/_shared/mocks.ts
FN:10,createMockEmployee
FN:34,createMockEmployeeWithLevel
FN:50,createMockRequest
FN:72,createMockJsonRequest
FN:87,createMockUnauthorizedRequest
FN:102,assertSuccessResponse
FN:124,assertErrorResponse
FN:154,createMockSupabaseSuccess
FN:161,createMockSupabaseError
FN:172,assertRejectsWithErrorType
FNDA:228,createMockEmployee
FNDA:227,createMockEmployeeWithLevel
FNDA:227,createMockRequest
FNDA:83,createMockJsonRequest
FNDA:0,createMockUnauthorizedRequest
FNDA:27,assertSuccessResponse
FNDA:0,assertErrorResponse
FNDA:0,createMockSupabaseSuccess
FNDA:0,createMockSupabaseError
FNDA:0,assertRejectsWithErrorType
FNF:10
FNH:5
BRDA:65,3,0,83
BRDA:65,3,1,144
BRDA:106,6,0,0
BRDA:114,6,1,0
BRF:4
BRH:2
DA:10,23
DA:11,251
DA:12,251
DA:13,251
DA:14,251
DA:15,251
DA:16,251
DA:17,251
DA:18,251
DA:19,251
DA:20,251
DA:21,251
DA:22,251
DA:23,251
DA:24,251
DA:25,251
DA:26,251
DA:27,251
DA:34,23
DA:35,250
DA:36,250
DA:37,250
DA:38,250
DA:39,250
DA:40,250
DA:41,250
DA:42,250
DA:44,1000
DA:45,250
DA:50,23
DA:51,23
DA:52,23
DA:53,23
DA:54,23
DA:56,250
DA:57,250
DA:58,250
DA:59,250
DA:60,250
DA:62,250
DA:63,250
DA:64,250
DA:65,250
DA:66,250
DA:67,250
DA:72,23
DA:73,23
DA:74,23
DA:75,23
DA:76,23
DA:78,106
DA:79,106
DA:80,106
DA:81,106
DA:82,106
DA:87,0
DA:88,0
DA:89,0
DA:91,0
DA:92,0
DA:93,0
DA:94,0
DA:95,0
DA:96,0
DA:97,0
DA:102,23
DA:103,23
DA:104,23
DA:106,0
DA:107,0
DA:108,0
DA:109,0
DA:111,0
DA:113,50
DA:114,0
DA:115,0
DA:116,0
DA:118,50
DA:119,50
DA:124,0
DA:125,0
DA:126,0
DA:128,0
DA:129,0
DA:130,0
DA:131,0
DA:133,0
DA:135,0
DA:136,0
DA:137,0
DA:138,0
DA:140,0
DA:141,0
DA:154,0
DA:155,0
DA:156,0
DA:161,0
DA:162,0
DA:163,0
DA:165,0
DA:166,0
DA:172,0
DA:173,0
DA:174,0
DA:175,0
DA:177,0
DA:178,0
DA:179,0
DA:180,0
DA:182,0
DA:183,0
DA:184,0
DA:185,0
DA:187,0
DA:190,0
DA:191,0
DA:192,0
DA:193,0
DA:194,0
DA:196,0
DA:197,0
DA:198,0
DA:199,0
LH:61
LF:123
end_of_record
SF:/Users/loongallday/pdeservice-spb/tests/e2e/test-utils.ts
FN:103,getServiceClient
FN:118,setupTestUsers
FN:190,getAccessToken
FN:221,createHeaders
FN:234,apiGet
FN:249,apiPost
FN:266,apiPut
FN:283,apiDelete
FN:298,assertSuccess
FN:316,assertError
FN:334,randomUUID
FN:341,wait
FN:348,cleanupTestData
FNDA:209,getServiceClient
FNDA:37,setupTestUsers
FNDA:1457,getAccessToken
FNDA:1457,createHeaders
FNDA:701,apiGet
FNDA:542,apiPost
FNDA:120,apiPut
FNDA:90,apiDelete
FNDA:40,assertSuccess
FNDA:0,assertError
FNDA:426,randomUUID
FNDA:0,wait
FNDA:0,cleanupTestData
FNF:13
FNH:10
BRDA:104,1,0,37
BRDA:141,2,0,0
BRDA:145,2,1,370
BRDA:153,2,2,0
BRDA:166,2,3,0
BRDA:181,2,4,0
BRDA:192,5,0,1287
BRDA:194,5,1,170
BRDA:199,5,2,0
BRDA:201,5,3,170
BRDA:210,5,4,0
BRDA:212,5,5,170
BRDA:302,12,0,0
BRF:13
BRH:6
DA:6,37
DA:8,37
DA:9,37
DA:10,37
DA:11,37
DA:14,37
DA:15,37
DA:16,37
DA:17,37
DA:18,37
DA:19,37
DA:20,37
DA:21,37
DA:22,37
DA:23,37
DA:24,37
DA:25,37
DA:28,37
DA:29,37
DA:30,37
DA:31,37
DA:32,37
DA:33,37
DA:34,37
DA:37,37
DA:38,37
DA:39,37
DA:40,37
DA:41,37
DA:42,37
DA:43,37
DA:44,37
DA:45,37
DA:46,37
DA:49,37
DA:50,37
DA:51,37
DA:52,37
DA:53,37
DA:54,37
DA:55,37
DA:58,37
DA:59,37
DA:60,37
DA:61,37
DA:62,37
DA:63,37
DA:64,37
DA:67,37
DA:68,37
DA:69,37
DA:70,37
DA:71,37
DA:72,37
DA:73,37
DA:74,37
DA:75,37
DA:76,37
DA:77,37
DA:78,37
DA:81,37
DA:82,37
DA:83,37
DA:84,37
DA:85,37
DA:86,37
DA:87,37
DA:88,37
DA:89,37
DA:90,37
DA:91,37
DA:92,37
DA:95,37
DA:98,37
DA:103,37
DA:104,246
DA:105,283
DA:106,283
DA:107,283
DA:108,283
DA:109,283
DA:110,283
DA:111,283
DA:112,246
DA:113,246
DA:118,37
DA:119,74
DA:121,74
DA:122,296
DA:123,296
DA:124,296
DA:125,296
DA:126,296
DA:127,296
DA:128,296
DA:129,296
DA:130,296
DA:131,296
DA:132,74
DA:135,74
DA:136,74
DA:137,74
DA:138,222
DA:139,74
DA:141,0
DA:142,0
DA:143,0
DA:145,74
DA:146,444
DA:148,444
DA:149,0
DA:151,444
DA:153,0
DA:154,0
DA:155,0
DA:157,444
DA:158,444
DA:159,444
DA:160,444
DA:161,444
DA:163,444
DA:164,444
DA:165,444
DA:166,444
DA:168,0
DA:169,0
DA:172,0
DA:173,0
DA:174,0
DA:175,0
DA:177,0
DA:178,0
DA:179,0
DA:181,0
DA:182,0
DA:183,0
DA:184,444
DA:185,74
DA:190,37
DA:192,1494
DA:193,2781
DA:194,2781
DA:197,1494
DA:199,0
DA:200,0
DA:201,0
DA:203,1664
DA:205,1664
DA:206,1664
DA:207,1664
DA:208,1664
DA:210,0
DA:211,0
DA:212,0
DA:214,1664
DA:215,1664
DA:216,1494
DA:221,37
DA:222,1494
DA:224,1494
DA:225,1494
DA:226,1494
DA:227,1494
DA:228,1494
DA:229,1494
DA:234,37
DA:235,37
DA:236,37
DA:238,738
DA:239,738
DA:240,738
DA:241,738
DA:242,738
DA:243,738
DA:244,738
DA:249,37
DA:250,37
DA:251,37
DA:252,37
DA:254,579
DA:255,579
DA:256,579
DA:257,579
DA:258,579
DA:259,579
DA:260,579
DA:261,579
DA:266,37
DA:267,37
DA:268,37
DA:269,37
DA:271,157
DA:272,157
DA:273,157
DA:274,157
DA:275,157
DA:276,157
DA:277,157
DA:278,157
DA:283,37
DA:284,37
DA:285,37
DA:287,127
DA:288,127
DA:289,127
DA:290,127
DA:291,127
DA:292,127
DA:293,127
DA:298,37
DA:299,37
DA:300,37
DA:302,0
DA:303,0
DA:304,0
DA:305,0
DA:307,0
DA:309,77
DA:310,77
DA:311,77
DA:316,0
DA:317,0
DA:318,0
DA:320,0
DA:321,0
DA:322,0
DA:323,0
DA:325,0
DA:327,0
DA:328,0
DA:329,0
DA:334,37
DA:335,463
DA:336,463
DA:341,0
DA:342,0
DA:343,0
DA:348,0
DA:349,0
DA:353,0
LH:193
LF:240
end_of_record
